
################################################################################
#
# This file has been generated by SpyGlass:
#     Report Name      : no_msg_reporting_rules
#     Report Created by: team3_03
#     Report Created on:  Thu Oct  7 17:14:22 2021
#     Working Directory: /home/users/team3_03/Desktop/design2021/spyglass
#     SpyGlass Version : SpyGlass_vQ-2020.03-SP2-6
#     Policy Name      : SpyGlass(SpyGlass_vQ-2020.03-SP2-06)
#                        clock-reset(SpyGlass_vQ-2020.03-SP2-06)
#
#     Total Number of Generated Messages :         18
#     Number of Waived Messages          :          0
#     Number of Reported Messages        :         18
#     Number of Overlimit Messages       :          0
#
#
################################################################################

NO VIOLATION RULE REPORT :
++++++++++++++++++++++++++++++++++++++++++++++++++++++++++++++++++++++++++++++++

Following rules did not produce any violation or waived off during spyglass run

++++++++++++++++++++++++++++++++++++++++++++++++++++++++++++++++++++++++++++++++


================================================================================
	INDEX                                   RULE-NAME
================================================================================
	1                                  Ar_converge01
	2                                  Clock_Reset_check01
	3                                  Clock_Reset_check02
	4                                  Clock_Reset_check03
	5                                  Clock_Reset_info01
	6                                  Clock_check01
	7                                  Clock_check04
	8                                  Clock_converge01
	9                                  Clock_glitch02
	10                                 Clock_glitch03
	11                                 Clock_glitch04
	12                                 Clock_info05b
	13                                 Reset_check01
	14                                 Reset_check02
	15                                 Reset_check03
	16                                 Reset_check04
	17                                 Reset_check06
	18                                 Reset_check07
================================================================================
