################################################################################
#
# This file has been generated by SpyGlass:
#     Report Created by: team3_03
#     Report Created on: Thu Oct  7 16:42:13 2021
#     Working Directory: /home/users/team3_03/Desktop/design2021/spyglass
#     Report Location  : ./spyglass-1/soctop/lint/lint_abstract/spyglass_reports/SpyGlass/checksum.rpt
#     SpyGlass Version : SpyGlass_vQ-2020.03-SP2-6
#     Policy Name      : SpyGlass(SpyGlass_vQ-2020.03-SP2-06)
#     Comment          : This report contains md5sum of design file(s)
#
################################################################################

=====================================================================================
                         MD5SUM CHECKSUM OF DESIGN FILES 
=====================================================================================
MD5SUM CHECKSUM                   SOURCE              PATH OF DESIGN FILE       
-------------------------------------------------------------------------------------
8058c771d1644e2d2cda7d6d42e33f52  1      /home/users/team3_03/Desktop/design2021/rtl/compute.v  
63d6e9b97b6aa4b1aabc6a22faac23b1  1      /home/users/team3_03/Desktop/design2021/rtl/memory.v  
c1c09fa2a3bf98cf009985c2060eb4f1  1      /home/users/team3_03/Desktop/design2021/rtl/picorv32.v  
5216077c08de8814f3705004e30a6641  1      /home/users/team3_03/Desktop/design2021/rtl/picosoc.v  
aa68568ce7bae947c274324961b0f927  1      /home/users/team3_03/Desktop/design2021/rtl/sequencer.v  
60f5ba0f6739d77da2ff0bbbb702595c  1      /home/users/team3_03/Desktop/design2021/rtl/simpleuart.v  
f47b259539e8d2f1b6cf65a9187ade1f  1      /home/users/team3_03/Desktop/design2021/rtl/soctop.v  
c2e61f8f92d62506e6f3aa38e572a16c  1      /home/users/team3_03/Desktop/design2021/rtl/spimemio.v  
599ef55e3c1b27ab1caaf1eaf381e4f7  1      /home/users/team3_03/Desktop/design2021/rtl/top.v  
