
################################################################################
#
# This file has been generated by SpyGlass:
#     Report Name      : no_msg_reporting_rules
#     Report Created by: team3_03
#     Report Created on:  Thu Oct  7 16:42:12 2021
#     Working Directory: /home/users/team3_03/Desktop/design2021/spyglass
#     SpyGlass Version : SpyGlass_vQ-2020.03-SP2-6
#     Policy Name      : SpyGlass(SpyGlass_vQ-2020.03-SP2-06)
#                        clock-reset(SpyGlass_vQ-2020.03-SP2-06)
#                        lint(SpyGlass_vQ-2020.03-SP2-06)
#                        morelint(SpyGlass_vQ-2020.03-SP2-06)
#                        power_est(SpyGlass_vQ-2020.03-SP2-06)
#                        starc(SpyGlass_vQ-2020.03-SP2-06)
#                        txv(SpyGlass_vQ-2020.03-SP2-06)
#
#     Total Number of Generated Messages :         18
#     Number of Waived Messages          :          0
#     Number of Reported Messages        :         18
#     Number of Overlimit Messages       :          0
#
#
################################################################################

NO VIOLATION RULE REPORT :
++++++++++++++++++++++++++++++++++++++++++++++++++++++++++++++++++++++++++++++++

There are no rules which produce zero violation or completely waived off during spyglass run.

++++++++++++++++++++++++++++++++++++++++++++++++++++++++++++++++++++++++++++++++
