
################################################################################
#
# This file has been generated by SpyGlass:
#     Report Name      : moresimple
#     Report Created by: team3_03
#     Report Created on:  Thu Oct  7 17:14:15 2021
#     Working Directory: /home/users/team3_03/Desktop/design2021/spyglass
#     SpyGlass Version : SpyGlass_vQ-2020.03-SP2-6
#     Policy Name      : SpyGlass(SpyGlass_vQ-2020.03-SP2-06)
#                        clock-reset(SpyGlass_vQ-2020.03-SP2-06)
#
#     Total Number of Generated Messages :         97
#     Number of Waived Messages          :          0
#     Number of Reported Messages        :         97
#     Number of Overlimit Messages       :          0
#
#
################################################################################

+++++++++++++++++++++++++++++++++++++++++++++++++++++++++++++++++++++++
MORESIMPLE REPORT:


############### BuiltIn -> RuleGroup=Blackbox Resolution ###############
+++++++++++++++++++++++++++++++++++++++++++++++++++++++++++++++++++++++++++++++++++++++
ID       Rule                Alias               Severity    File                Line    Wt    Message
======================================================================================
[73]     ErrorAnalyzeBBox    ErrorAnalyzeBBox    Error       ../rtl/compute.v    509     10    Design Unit 'mem512x32' has no definition; black-box behavior assumed and module interface inferred
[74]     ErrorAnalyzeBBox    ErrorAnalyzeBBox    Error       ../rtl/compute.v    520     10    Design Unit 'mem512x64' has no definition; black-box behavior assumed and module interface inferred
[71]     ErrorAnalyzeBBox    ErrorAnalyzeBBox    Error       ../rtl/memory.v     70      10    Design Unit 'mem16384x16' has no definition; black-box behavior assumed and module interface inferred
[72]     WarnAnalyzeBBox     WarnAnalyzeBBox     Warning     ../rtl/picosoc.v    268     10    Design Unit 'mem256x32' does not have functional view in any of the given sglib files; only .lib interface available
+++++++++++++++++++++++++++++++++++++++++++++++++++++++++++++++++++++++++++++++++++++++


############### BuiltIn -> RuleGroup=Design Read ###############
+++++++++++++++++++++++++++++++++++++++++++++++++++++++++++++++++++++++++++++++++++++++
ID       Rule                    Alias                   Severity            File                                                                                  Line    Wt      Message
======================================================================================
[B]      DetectTopDesignUnits    DetectTopDesignUnits    Info                ../rtl/soctop.v                                                                       1       2       Module soctop is a top level design unit
[A]      SYNTH_5143                                      SynthesisWarning    ../rtl/picorv32.v                                                                     206     1000    picorv32 -> Initial block is ignored for synthesis
[1]      WRN_1024                WRN_1024                Warning             ../rtl/compute.v                                                                      434     1000    signed argument '32'sh0' passed to $signed system function call
[2]      WRN_1024                WRN_1024                Warning             ../rtl/compute.v                                                                      435     1000    signed argument '32'sh80000000' passed to $signed system function call
[3]      WRN_1024                WRN_1024                Warning             ../rtl/compute.v                                                                      466     1000    signed argument '32'sh0' passed to $signed system function call
[4]      WRN_1024                WRN_1024                Warning             ../rtl/compute.v                                                                      469     1000    signed argument '32'sh0' passed to $signed system function call
[5]      WRN_1024                WRN_1024                Warning             ../rtl/compute.v                                                                      471     1000    signed argument '32'sh80000000' passed to $signed system function call
[7]      WRN_1024                WRN_1024                Warning             ../rtl/picorv32.v                                                                     2276    1000    unsigned argument 'pcpi_rs1' passed to $unsigned system function call
[8]      WRN_1024                WRN_1024                Warning             ../rtl/picorv32.v                                                                     2281    1000    unsigned argument 'pcpi_rs2' passed to $unsigned system function call
[9]      WRN_1464                WRN_1464                Warning             ../rtl/picosoc.v                                                                      208     1000    Parameter name ( WORDS ) in instance ( memory ) does not match with parent, ignoring it
[6]      WRN_69                  WRN_69                  Warning             ../rtl/picorv32.v                                                                     62      1000    Compiler directive `timescale found for module 'picorv32' (in the file ../rtl/picorv32.v at line 25) while previous modules do not
[0]      ElabSummary             ElabSummary             Info                ./spyglass-1/soctop/cdc/cdc_setup_check/spyglass_reports/SpyGlass/elab_summary.rpt    0       2       Please refer file './spyglass-1/soctop/cdc/cdc_setup_check/spyglass_reports/SpyGlass/elab_summary.rpt' for elab summary report
[D]      Info_Case_Analysis      showSimVal              Info                ../rtl/soctop.v                                                                       1       10      Information for set_case_analysis value propagation for design 'soctop' is displayed
+++++++++++++++++++++++++++++++++++++++++++++++++++++++++++++++++++++++++++++++++++++++


############### Non-BuiltIn -> Goal=cdc/cdc_setup_check ###############
+++++++++++++++++++++++++++++++++++++++++++++++++++++++++++++++++++++++++++++++++++++++
ID       Rule                  Alias    Severity    File                   Line    Wt    Message
======================================================================================
[10]     Clock_info03a                  Error       ../rtl/compute.v       101     2     Clock-Net 'soctop.u_top.comp.u_Compute.Mul8X8_clock' is unconstrained
[11]     Clock_info03a                  Error       ../rtl/compute.v       101     2     Clock-Net 'soctop.u_top.comp.u_Compute.Mul8X8_1_clock' is unconstrained
[12]     Clock_info03a                  Error       ../rtl/compute.v       101     2     Clock-Net 'soctop.u_top.comp.u_Compute.Mul8X8_2_clock' is unconstrained
[13]     Clock_info03a                  Error       ../rtl/compute.v       101     2     Clock-Net 'soctop.u_top.comp.u_Compute.Mul8X8_3_clock' is unconstrained
[14]     Clock_info03a                  Error       ../rtl/compute.v       101     2     Clock-Net 'soctop.u_top.comp.u_Compute.Mul8X8_4_clock' is unconstrained
[15]     Clock_info03a                  Error       ../rtl/compute.v       101     2     Clock-Net 'soctop.u_top.comp.u_Compute.Mul8X8_5_clock' is unconstrained
[16]     Clock_info03a                  Error       ../rtl/compute.v       101     2     Clock-Net 'soctop.u_top.comp.u_Compute.Mul8X8_6_clock' is unconstrained
[17]     Clock_info03a                  Error       ../rtl/compute.v       101     2     Clock-Net 'soctop.u_top.comp.u_Compute.Mul8X8_7_clock' is unconstrained
[18]     Clock_info03a                  Error       ../rtl/compute.v       101     2     Clock-Net 'soctop.u_top.comp.u_Compute.Mul8X8_8_clock' is unconstrained
[19]     Clock_info03a                  Error       ../rtl/compute.v       101     2     Clock-Net 'soctop.u_top.comp.u_Compute.Mul8X8_9_clock' is unconstrained
[1A]     Clock_info03a                  Error       ../rtl/compute.v       101     2     Clock-Net 'soctop.u_top.comp.u_Compute.Mul8X8_10_clock' is unconstrained
[1B]     Clock_info03a                  Error       ../rtl/compute.v       101     2     Clock-Net 'soctop.u_top.comp.u_Compute.Mul8X8_11_clock' is unconstrained
[1C]     Clock_info03a                  Error       ../rtl/compute.v       101     2     Clock-Net 'soctop.u_top.comp.u_Compute.Mul8X8_12_clock' is unconstrained
[1D]     Clock_info03a                  Error       ../rtl/compute.v       101     2     Clock-Net 'soctop.u_top.comp.u_Compute.Mul8X8_13_clock' is unconstrained
[1E]     Clock_info03a                  Error       ../rtl/compute.v       101     2     Clock-Net 'soctop.u_top.comp.u_Compute.Mul8X8_14_clock' is unconstrained
[1F]     Clock_info03a                  Error       ../rtl/compute.v       101     2     Clock-Net 'soctop.u_top.comp.u_Compute.Mul8X8_15_clock' is unconstrained
[20]     Clock_info03a                  Error       ../rtl/picorv32.v      2216    2     Clock-Net 'soctop.clk' is unconstrained
[21]     Clock_info03a                  Error       ../rtl/picosoc.v       268     2     Clock-Net 'soctop.u_picosoc.memory.clock' is unconstrained
[C]      Setup_clockreset01             Warning     ../rtl/soctop.v        1       2     Clocks have not been specified for the design 'soctop'
[E]      Clock_info01                   Info        ../rtl/soctop.v        2       2     Candidate clock: soctop.clk of type: Primary Clock
[F]      Clock_info01                   Info        ../rtl/picosoc.v       270     2     Candidate clock: soctop.u_picosoc.memory.clock of type: Undriven Clock
[45]     Clock_info03b                  Info        ../rtl/picorv32.v      574     2     Data pin of flop soctop.u_picosoc.cpu.mem_addr[1:0], clocked by soctop.clk , is tied to constant value 0
[3C]     Clock_info03b                  Info        ../rtl/picorv32.v      776     2     Data pin of flop soctop.u_picosoc.cpu.q_ascii_instr[7], clocked by soctop.clk , is tied to constant value 0
[3D]     Clock_info03b                  Info        ../rtl/picorv32.v      776     2     Data pin of flop soctop.u_picosoc.cpu.q_ascii_instr[15], clocked by soctop.clk , is tied to constant value 0
[3E]     Clock_info03b                  Info        ../rtl/picorv32.v      776     2     Data pin of flop soctop.u_picosoc.cpu.q_ascii_instr[23], clocked by soctop.clk , is tied to constant value 0
[3F]     Clock_info03b                  Info        ../rtl/picorv32.v      776     2     Data pin of flop soctop.u_picosoc.cpu.q_ascii_instr[31], clocked by soctop.clk , is tied to constant value 0
[40]     Clock_info03b                  Info        ../rtl/picorv32.v      776     2     Data pin of flop soctop.u_picosoc.cpu.q_ascii_instr[39], clocked by soctop.clk , is tied to constant value 0
[41]     Clock_info03b                  Info        ../rtl/picorv32.v      776     2     Data pin of flop soctop.u_picosoc.cpu.q_ascii_instr[47], clocked by soctop.clk , is tied to constant value 0
[42]     Clock_info03b                  Info        ../rtl/picorv32.v      776     2     Data pin of flop soctop.u_picosoc.cpu.q_ascii_instr[56:55], clocked by soctop.clk , is tied to constant value 0
[43]     Clock_info03b                  Info        ../rtl/picorv32.v      776     2     Data pin of flop soctop.u_picosoc.cpu.q_ascii_instr[59:58], clocked by soctop.clk , is tied to constant value 0
[44]     Clock_info03b                  Info        ../rtl/picorv32.v      776     2     Data pin of flop soctop.u_picosoc.cpu.q_ascii_instr[63], clocked by soctop.clk , is tied to constant value 0
[33]     Clock_info03b                  Info        ../rtl/picorv32.v      790     2     Data pin of flop soctop.u_picosoc.cpu.cached_ascii_instr[7], clocked by soctop.clk , is tied to constant value 0
[34]     Clock_info03b                  Info        ../rtl/picorv32.v      790     2     Data pin of flop soctop.u_picosoc.cpu.cached_ascii_instr[15], clocked by soctop.clk , is tied to constant value 0
[35]     Clock_info03b                  Info        ../rtl/picorv32.v      790     2     Data pin of flop soctop.u_picosoc.cpu.cached_ascii_instr[23], clocked by soctop.clk , is tied to constant value 0
[36]     Clock_info03b                  Info        ../rtl/picorv32.v      790     2     Data pin of flop soctop.u_picosoc.cpu.cached_ascii_instr[31], clocked by soctop.clk , is tied to constant value 0
[37]     Clock_info03b                  Info        ../rtl/picorv32.v      790     2     Data pin of flop soctop.u_picosoc.cpu.cached_ascii_instr[39], clocked by soctop.clk , is tied to constant value 0
[38]     Clock_info03b                  Info        ../rtl/picorv32.v      790     2     Data pin of flop soctop.u_picosoc.cpu.cached_ascii_instr[47], clocked by soctop.clk , is tied to constant value 0
[39]     Clock_info03b                  Info        ../rtl/picorv32.v      790     2     Data pin of flop soctop.u_picosoc.cpu.cached_ascii_instr[56:55], clocked by soctop.clk , is tied to constant value 0
[3A]     Clock_info03b                  Info        ../rtl/picorv32.v      790     2     Data pin of flop soctop.u_picosoc.cpu.cached_ascii_instr[59:58], clocked by soctop.clk , is tied to constant value 0
[3B]     Clock_info03b                  Info        ../rtl/picorv32.v      790     2     Data pin of flop soctop.u_picosoc.cpu.cached_ascii_instr[63], clocked by soctop.clk , is tied to constant value 0
[32]     Clock_info03b                  Info        ../rtl/picorv32.v      877     2     Data pin of flop soctop.u_picosoc.cpu.decoded_imm_j[0], clocked by soctop.clk , is tied to constant value 0
[22]     Clock_info03b                  Info        ../rtl/picorv32.v      1086    2     Data pin of flop soctop.u_picosoc.cpu.instr_getq, clocked by soctop.clk , is tied to constant value 0
[23]     Clock_info03b                  Info        ../rtl/picorv32.v      1087    2     Data pin of flop soctop.u_picosoc.cpu.instr_setq, clocked by soctop.clk , is tied to constant value 0
[25]     Clock_info03b                  Info        ../rtl/picorv32.v      1407    2     Data pin of flop soctop.u_picosoc.cpu.alu_wait, clocked by soctop.clk , is tied to constant value 0
[26]     Clock_info03b                  Info        ../rtl/picorv32.v      1408    2     Data pin of flop soctop.u_picosoc.cpu.alu_wait_2, clocked by soctop.clk , is tied to constant value 0
[24]     Clock_info03b                  Info        ../rtl/picorv32.v      1446    2     Data pin of flop soctop.u_picosoc.cpu.trace_valid, clocked by soctop.clk , is tied to constant value 0
[31]     Clock_info03b                  Info        ../rtl/picorv32.v      1449    2     Data pin of flop soctop.u_picosoc.cpu.trace_data[35:0], clocked by soctop.clk , is tied to constant value 0
[27]     Clock_info03b                  Info        ../rtl/picorv32.v      1459    2     Data pin of flop soctop.u_picosoc.cpu.latched_trace, clocked by soctop.clk , is tied to constant value 0
[2F]     Clock_info03b                  Info        ../rtl/picorv32.v      1903    2     Data pin of flop soctop.u_picosoc.cpu.cpu_state[2], clocked by soctop.clk , is tied to constant value 0
[30]     Clock_info03b                  Info        ../rtl/picorv32.v      1903    2     Data pin of flop soctop.u_picosoc.cpu.cpu_state[4], clocked by soctop.clk , is tied to constant value 0
[46]     Clock_info03b                  Info        ../rtl/picorv32.v      2289    2     Data pin of flop soctop.u_picosoc.cpu.pcpi_mul.rdx[3:0], clocked by soctop.clk , is tied to constant value 0
[47]     Clock_info03b                  Info        ../rtl/picorv32.v      2289    2     Data pin of flop soctop.u_picosoc.cpu.pcpi_mul.rdx[7:5], clocked by soctop.clk , is tied to constant value 0
[48]     Clock_info03b                  Info        ../rtl/picorv32.v      2289    2     Data pin of flop soctop.u_picosoc.cpu.pcpi_mul.rdx[11:9], clocked by soctop.clk , is tied to constant value 0
[49]     Clock_info03b                  Info        ../rtl/picorv32.v      2289    2     Data pin of flop soctop.u_picosoc.cpu.pcpi_mul.rdx[15:13], clocked by soctop.clk , is tied to constant value 0
[4A]     Clock_info03b                  Info        ../rtl/picorv32.v      2289    2     Data pin of flop soctop.u_picosoc.cpu.pcpi_mul.rdx[19:17], clocked by soctop.clk , is tied to constant value 0
[4B]     Clock_info03b                  Info        ../rtl/picorv32.v      2289    2     Data pin of flop soctop.u_picosoc.cpu.pcpi_mul.rdx[23:21], clocked by soctop.clk , is tied to constant value 0
[4C]     Clock_info03b                  Info        ../rtl/picorv32.v      2289    2     Data pin of flop soctop.u_picosoc.cpu.pcpi_mul.rdx[27:25], clocked by soctop.clk , is tied to constant value 0
[4D]     Clock_info03b                  Info        ../rtl/picorv32.v      2289    2     Data pin of flop soctop.u_picosoc.cpu.pcpi_mul.rdx[31:29], clocked by soctop.clk , is tied to constant value 0
[4E]     Clock_info03b                  Info        ../rtl/picorv32.v      2289    2     Data pin of flop soctop.u_picosoc.cpu.pcpi_mul.rdx[35:33], clocked by soctop.clk , is tied to constant value 0
[4F]     Clock_info03b                  Info        ../rtl/picorv32.v      2289    2     Data pin of flop soctop.u_picosoc.cpu.pcpi_mul.rdx[39:37], clocked by soctop.clk , is tied to constant value 0
[50]     Clock_info03b                  Info        ../rtl/picorv32.v      2289    2     Data pin of flop soctop.u_picosoc.cpu.pcpi_mul.rdx[43:41], clocked by soctop.clk , is tied to constant value 0
[51]     Clock_info03b                  Info        ../rtl/picorv32.v      2289    2     Data pin of flop soctop.u_picosoc.cpu.pcpi_mul.rdx[47:45], clocked by soctop.clk , is tied to constant value 0
[52]     Clock_info03b                  Info        ../rtl/picorv32.v      2289    2     Data pin of flop soctop.u_picosoc.cpu.pcpi_mul.rdx[51:49], clocked by soctop.clk , is tied to constant value 0
[53]     Clock_info03b                  Info        ../rtl/picorv32.v      2289    2     Data pin of flop soctop.u_picosoc.cpu.pcpi_mul.rdx[55:53], clocked by soctop.clk , is tied to constant value 0
[54]     Clock_info03b                  Info        ../rtl/picorv32.v      2289    2     Data pin of flop soctop.u_picosoc.cpu.pcpi_mul.rdx[59:57], clocked by soctop.clk , is tied to constant value 0
[55]     Clock_info03b                  Info        ../rtl/picorv32.v      2289    2     Data pin of flop soctop.u_picosoc.cpu.pcpi_mul.rdx[63:61], clocked by soctop.clk , is tied to constant value 0
[2B]     Clock_info03b                  Info        ../rtl/simpleuart.v    131     2     Data pin of flop soctop.u_picosoc.simpleuart.send_pattern[9], clocked by soctop.clk , is tied to constant value 1
[29]     Clock_info03b                  Info        ../rtl/spimemio.v      216     2     Data pin of flop soctop.u_picosoc.spimemio.din_cont, clocked by soctop.clk , is tied to constant value 0
[2C]     Clock_info03b                  Info        ../rtl/spimemio.v      352     2     Data pin of flop soctop.u_picosoc.spimemio.din_tag[3], clocked by soctop.clk , is tied to constant value 0
[2E]     Clock_info03b                  Info        ../rtl/spimemio.v      438     2     Data pin of flop soctop.u_picosoc.spimemio.xfer.xfer_tag_q[3], clocked by soctop.clk , is tied to constant value 0
[2D]     Clock_info03b                  Info        ../rtl/spimemio.v      570     2     Data pin of flop soctop.u_picosoc.spimemio.xfer.xfer_tag[3], clocked by soctop.clk , is tied to constant value 0
[28]     Clock_info03b                  Info        ../rtl/spimemio.v      571     2     Data pin of flop soctop.u_picosoc.spimemio.xfer.xfer_cont, clocked by soctop.clk , is tied to constant value 0
[2A]     Clock_info03b                  Info        ../rtl/top.v           115     2     Data pin of flop soctop.u_top.qmem_addr[0], clocked by soctop.clk , is tied to constant value 0
[70]     Reset_check12                  Info        N.A.                   0       10    For design unit 'soctop', no SGDC command found for Asynchronous Reset with active value
[57]     Reset_info01                   Info        ../rtl/top.v           16      2     Candidate synchronous clear: soctop.u_top.trigger_reset of type Derived synchronous clear
[58]     Reset_info01                   Info        ../rtl/top.v           15      2     Candidate synchronous clear: soctop.u_top.reset of type Derived synchronous clear
[59]     Reset_info01                   Info        ../rtl/spimemio.v      50      2     Candidate synchronous set: soctop.u_picosoc.spimemio.xfer_resetn of type Derived synchronous set
[56]     Reset_info01                   Info        ../rtl/soctop.v        3       2     Candidate synchronous clear: soctop.resetn of type Primary synchronous clear
[5A]     Reset_info01                   Info        ../rtl/soctop.v        3       2     Candidate synchronous set: soctop.resetn of type Primary synchronous set
[6F]     Setup_library01                Info        ../rtl/picosoc.v       268     2     All the pins have complete definition for instance 'soctop.u_picosoc.memory.u_mem256x32' of library cell 'mem256x32' 
+++++++++++++++++++++++++++++++++++++++++++++++++++++++++++++++++++++++++++++++++++++++
