
################################################################################
#
# This file has been generated by SpyGlass:
#     Report Name      : no_msg_reporting_rules
#     Report Created by: team3_03
#     Report Created on:  Thu Oct  7 16:41:37 2021
#     Working Directory: /home/users/team3_03/Desktop/design2021/spyglass
#     SpyGlass Version : SpyGlass_vQ-2020.03-SP2-6
#     Policy Name      : SpyGlass(SpyGlass_vQ-2020.03-SP2-06)
#                        clock-reset(SpyGlass_vQ-2020.03-SP2-06)
#                        erc(SpyGlass_vQ-2020.03-SP2-06)
#                        latch(SpyGlass_vQ-2020.03-SP2-06)
#                        lint(SpyGlass_vQ-2020.03-SP2-06)
#                        morelint(SpyGlass_vQ-2020.03-SP2-06)
#                        openmore(SpyGlass_vQ-2020.03-SP2-06)
#                        power_est(SpyGlass_vQ-2020.03-SP2-06)
#                        simulation(SpyGlass_vQ-2020.03-SP2-06)
#                        starc(SpyGlass_vQ-2020.03-SP2-06)
#                        starc2005(SpyGlass_vQ-2020.03-SP2-06)
#                        txv(SpyGlass_vQ-2020.03-SP2-06)
#
#     Total Number of Generated Messages :        630
#     Number of Waived Messages          :          0
#     Number of Reported Messages        :        630
#     Number of Overlimit Messages       :          0
#
#
################################################################################

NO VIOLATION RULE REPORT :
++++++++++++++++++++++++++++++++++++++++++++++++++++++++++++++++++++++++++++++++

Following rules did not produce any violation or waived off during spyglass run

++++++++++++++++++++++++++++++++++++++++++++++++++++++++++++++++++++++++++++++++


================================================================================
	INDEX                                   RULE-NAME
================================================================================
	1                                  BlockHeader
	2                                  BufClock
	3                                  CheckDelayTimescale-ML
	4                                  CombLoop
	5                                  FlopClockConstant
	6                                  FlopEConst
	7                                  LatchFeedback
	8                                  NoXInCase-ML
	9                                  ParamWidthMismatch-ML
	10                                 STARC05-1.2.1.2
	11                                 STARC05-1.3.1.3
	12                                 STARC05-2.1.3.1
	13                                 STARC05-2.1.6.5
	14                                 STARC05-2.10.1.4a
	15                                 STARC05-2.10.1.4b
	16                                 STARC05-2.3.1.2c
	17                                 STARC05-2.3.1.5b
	18                                 STARC05-2.3.1.6
	19                                 STARC05-2.3.3.1
	20                                 STARC05-2.3.4.1v
	21                                 STARC05-2.4.1.5
	22                                 STARC05-2.5.1.2
	23                                 STARC05-2.5.1.7
	24                                 STARC05-2.5.1.9
	25                                 W110
	26                                 W110a
	27                                 W122
	28                                 W123
	29                                 W156
	30                                 W19
	31                                 W215
	32                                 W216
	33                                 W218
	34                                 W263
	35                                 W289
	36                                 W292
	37                                 W293
	38                                 W317
	39                                 W336
	40                                 W337
	41                                 W339a
	42                                 W352
	43                                 W392
	44                                 W414
	45                                 W415
	46                                 W416
	47                                 W421
	48                                 W422
	49                                 W424
	50                                 W426
	51                                 W442a
	52                                 W442b
	53                                 W442c
	54                                 W442f
	55                                 W450L
	56                                 W467
	57                                 W480
	58                                 W481a
	59                                 W481b
	60                                 W496a
	61                                 W496b
	62                                 W499
	63                                 W502
	64                                 W505
	65                                 W66
	66                                 W71
	67                                 badimplicitSM1
	68                                 badimplicitSM2
	69                                 badimplicitSM4
	70                                 bothedges
	71                                 mixedsenselist
	72                                 sim_race02
================================================================================
