################################################################################
#
# This file has been generated by SpyGlass:
#     Report Created by: team3_03
#     Report Created on: Thu Oct  7 16:41:37 2021
#     Working Directory: /home/users/team3_03/Desktop/design2021/spyglass
#     Report Location  : ./spyglass-1/soctop/lint/lint_rtl/spyglass_reports/lint/SignalUsageReport.rpt
#     SpyGlass Version : SpyGlass_vQ-2020.03-SP2-6
#     Policy Name      : lint(SpyGlass_vQ-2020.03-SP2-06)
#     Comment          : SignalUsageReport : It dumps details of violating bits of a signal

#
################################################################################



Module : picorv32(Hierarchy :soctop:u_picosoc@picosoc:cpu@picorv32)

W240 : Following Bits of signal 'pcpi_rd' (File Name: ../rtl/picorv32.v Line No.: 115) are not read
	[31:0]	


Module : picorv32(Hierarchy :soctop:u_picosoc@picosoc:cpu@picorv32)

W528 : Following Bits of signal 'dbg_ascii_state' (File Name: ../rtl/picorv32.v Line No.: 1181) are set but not used
	[127:0]	

W528 : Following Bits of signal 'dbg_insn_addr' (File Name: ../rtl/picorv32.v Line No.: 802) are set but not used
	[31:0]	

W528 : Following Bits of signal 'dbg_mem_addr' (File Name: ../rtl/picorv32.v Line No.: 186) are set but not used
	[31:0]	

W528 : Following Bits of signal 'dbg_mem_rdata' (File Name: ../rtl/picorv32.v Line No.: 189) are set but not used
	[31:0]	

W528 : Following Bits of signal 'dbg_mem_wdata' (File Name: ../rtl/picorv32.v Line No.: 187) are set but not used
	[31:0]	

W528 : Following Bits of signal 'dbg_mem_wstrb' (File Name: ../rtl/picorv32.v Line No.: 188) are set but not used
	[3:0]	

W528 : Following Bits of signal 'dbg_rs1val' (File Name: ../rtl/picorv32.v Line No.: 1411) are set but not used
	[31:0]	

W528 : Following Bits of signal 'dbg_rs2val' (File Name: ../rtl/picorv32.v Line No.: 1412) are set but not used
	[31:0]	

W528 : Following Bits of signal 'decoded_rs' (File Name: ../rtl/picorv32.v Line No.: 1343) are set but not used
	[4:0]	

W123 (Verilog) : There are no violations of the rule for multibit variables
