
################################################################################
#
# This file has been generated by SpyGlass:
#     Report Name      : moresimple
#     Report Created by: team3_03
#     Report Created on:  Thu Oct  7 14:20:47 2021
#     Working Directory: /home/users/team3_03/Desktop/design2021/spyglass
#     SpyGlass Version : SpyGlass_vQ-2020.03-SP2-6
#     Policy Name      : SpyGlass(SpyGlass_vQ-2020.03-SP2-06)
#
#     Total Number of Generated Messages :         18
#     Number of Waived Messages          :          0
#     Number of Reported Messages        :         18
#     Number of Overlimit Messages       :          0
#
#
################################################################################

+++++++++++++++++++++++++++++++++++++++++++++++++++++++++++++++++++++++
MORESIMPLE REPORT:


############### BuiltIn -> RuleGroup=Blackbox Resolution ###############
+++++++++++++++++++++++++++++++++++++++++++++++++++++++++++++++++++++++++++++++++++++++
ID       Rule                Alias               Severity    File                Line    Wt    Message
======================================================================================
[10]     ErrorAnalyzeBBox    ErrorAnalyzeBBox    Error       ../rtl/compute.v    509     10    Design Unit 'mem512x32' has no definition; black-box behavior assumed
[11]     ErrorAnalyzeBBox    ErrorAnalyzeBBox    Error       ../rtl/compute.v    520     10    Design Unit 'mem512x64' has no definition; black-box behavior assumed
[E]      ErrorAnalyzeBBox    ErrorAnalyzeBBox    Error       ../rtl/memory.v     70      10    Design Unit 'mem16384x16' has no definition; black-box behavior assumed
[F]      WarnAnalyzeBBox     WarnAnalyzeBBox     Warning     ../rtl/picosoc.v    268     10    Design Unit 'mem256x32' does not have functional view in any of the given sglib files; only .lib interface available
+++++++++++++++++++++++++++++++++++++++++++++++++++++++++++++++++++++++++++++++++++++++


############### BuiltIn -> RuleGroup=Design Read ###############
+++++++++++++++++++++++++++++++++++++++++++++++++++++++++++++++++++++++++++++++++++++++
ID       Rule                    Alias                   Severity    File                                                                   Line    Wt      Message
======================================================================================
[A]      DetectTopDesignUnits    DetectTopDesignUnits    Info        ../rtl/picorv32.v                                                      2168    2       Module picorv32_regs is a top level design unit
[B]      DetectTopDesignUnits    DetectTopDesignUnits    Info        ../rtl/picosoc.v                                                       222     2       Module picosoc_regs is a top level design unit
[C]      DetectTopDesignUnits    DetectTopDesignUnits    Info        ../rtl/picosoc.v                                                       240     2       Module picosoc_mem is a top level design unit
[D]      DetectTopDesignUnits    DetectTopDesignUnits    Info        ../rtl/soctop.v                                                        1       2       Module soctop is a top level design unit
[2]      WRN_1024                WRN_1024                Warning     ../rtl/compute.v                                                       434     1000    signed argument '32'sh0' passed to $signed system function call
[3]      WRN_1024                WRN_1024                Warning     ../rtl/compute.v                                                       435     1000    signed argument '32'sh80000000' passed to $signed system function call
[4]      WRN_1024                WRN_1024                Warning     ../rtl/compute.v                                                       466     1000    signed argument '32'sh0' passed to $signed system function call
[5]      WRN_1024                WRN_1024                Warning     ../rtl/compute.v                                                       469     1000    signed argument '32'sh0' passed to $signed system function call
[6]      WRN_1024                WRN_1024                Warning     ../rtl/compute.v                                                       471     1000    signed argument '32'sh80000000' passed to $signed system function call
[7]      WRN_1024                WRN_1024                Warning     ../rtl/picorv32.v                                                      2276    1000    unsigned argument 'pcpi_rs1' passed to $unsigned system function call
[8]      WRN_1024                WRN_1024                Warning     ../rtl/picorv32.v                                                      2281    1000    unsigned argument 'pcpi_rs2' passed to $unsigned system function call
[1]      WRN_1464                WRN_1464                Warning     ../rtl/picosoc.v                                                       208     1000    Parameter name ( WORDS ) in instance ( memory ) does not match with parent, ignoring it
[0]      WRN_69                  WRN_69                  Warning     ../rtl/picorv32.v                                                      62      1000    Compiler directive `timescale found for module 'picorv32' (in the file ../rtl/picorv32.v at line 25) while previous modules do not
[9]      ElabSummary             ElabSummary             Info        ./spyglass-1/Design_Read/spyglass_reports/SpyGlass/elab_summary.rpt    0       2       Please refer file './spyglass-1/Design_Read/spyglass_reports/SpyGlass/elab_summary.rpt' for elab summary report
+++++++++++++++++++++++++++++++++++++++++++++++++++++++++++++++++++++++++++++++++++++++
