
################################################################################
#
# This file has been generated by SpyGlass:
#     Report Name      : no_msg_reporting_rules
#     Report Created by: team3_03
#     Report Created on:  Thu Oct  7 14:20:47 2021
#     Working Directory: /home/users/team3_03/Desktop/design2021/spyglass
#     SpyGlass Version : SpyGlass_vQ-2020.03-SP2-6
#     Policy Name      : SpyGlass(SpyGlass_vQ-2020.03-SP2-06)
#
#     Total Number of Generated Messages :         18
#     Number of Waived Messages          :          0
#     Number of Reported Messages        :         18
#     Number of Overlimit Messages       :          0
#
#
################################################################################

NO VIOLATION RULE REPORT :
++++++++++++++++++++++++++++++++++++++++++++++++++++++++++++++++++++++++++++++++

Following rules did not produce any violation or waived off during spyglass run

++++++++++++++++++++++++++++++++++++++++++++++++++++++++++++++++++++++++++++++++


================================================================================
	INDEX                                   RULE-NAME
================================================================================
	1                                  ReportDeprecatedRules
	2                                  ReportObsoleteRules
	3                                  ZeroSizeFile
================================================================================
