SpyGlass run started at 02:13:31 PM on Oct 07 2021 

SpyGlass Predictive Analyzer(R) - Version SpyGlass_vQ-2020.03-SP2-6
Synopsys TestMAX(TM)
Last compiled on Jun  3 2021

All Rights Reserved. Use, disclosure or duplication
without prior written permission of Synopsys Inc. is prohibited.
Technical support: email spyglass_support@synopsys.com.


 Auto-compiling gates libraries

        "../lib/256x32_wirtemask_on_pico_mem/mem256x32_ss_0p90v_0p90v_m40c.lib"
        "../lib/512x32_code_mem/mem512x32_ss_0p90v_0p90v_m40c.lib"
        "../lib/512x64rf_coeff_mem/mem512x64_ss_0p90v_0p90v_m40c.lib"
        "../lib/spsram16384x16_16_writemask_on_main_mem/mem16384x16_ss_0p90v_0p90v_m40c.lib"
        "../lib/256x32_wirtemask_on_pico_mem/USERLIB_ss_0p90v_0p90v_m40c.db"
        "../lib/512x32_code_mem/USERLIB_ss_0p90v_0p90v_m40c.db"
        "../lib/512x64rf_coeff_mem/USERLIB_ss_0p90v_0p90v_m40c.db"
        "../lib/spsram16384x16_16_writemask_on_main_mem/USERLIB_ss_0p90v_0p90v_m40c.db"
    to
        "./spyglass-1/spyglass_cache/autogenerated_sglib/aggregate.sglib" ...already compiled

 Using this already compiled sglib for the current run ...

Running SpyGlass 64-bit Executable: /eda/synopsys/spyglass/spyglass_2020.03-SP2-6/SPYGLASS_HOME/obj/check.Linux4

RULE-CHECKING IN MIXED MODE
Loading Policy: spyglass (Version: SpyGlass_vQ-2020.03-SP2-06) from path: /eda/synopsys/spyglass/spyglass_2020.03-SP2-6/SPYGLASS_HOME/policies/spyglass
Loading Shared library libspyglassrules-Linux4.spyso from /eda/synopsys/spyglass/spyglass_2020.03-SP2-6/SPYGLASS_HOME/lib/libspyglassrules-Linux4.spyso 
Loading Shared library libsdcInitRules-Linux4.spyso from /eda/synopsys/spyglass/spyglass_2020.03-SP2-6/SPYGLASS_HOME/lib/libsdcInitRules-Linux4.spyso 
Loading Shared library librmerules-Linux4.spyso from /eda/synopsys/spyglass/spyglass_2020.03-SP2-6/SPYGLASS_HOME/lib/librmerules-Linux4.spyso 
##build_id : Q-2020.03-SP2-6
##system   : Linux RDserver03 3.10.0-1160.el7.x86_64 #1 SMP Mon Oct 19 16:18:59 UTC 2020 x86_64
##cwd      : /home/users/team3_03/Desktop/design2021/spyglass
##lang     : Verilog+VHDL
##args     : -mSpyGlass::Compatibility::v2_7_3 \
             -mSpyGlass::Compatibility::v2_7_3 \
             -mSpyGlass::Compatibility::v2_7_3 \
             -nl \
             -lib WORK ./spyglass-1/WORK \
             -batch \
             -wdir './spyglass-1/Design_Read' \
             -mixed \
             -policy='none' \
             --goal_info 'Design_Read@' \
             -gateslib '../lib/256x32_wirtemask_on_pico_mem/mem256x32_ss_0p90v_0p90v_m40c.lib' \
             -gateslib '../lib/512x32_code_mem/mem512x32_ss_0p90v_0p90v_m40c.lib' \
             -gateslib '../lib/512x64rf_coeff_mem/mem512x64_ss_0p90v_0p90v_m40c.lib' \
             -gateslib '../lib/spsram16384x16_16_writemask_on_main_mem/mem16384x16_ss_0p90v_0p90v_m40c.lib' \
             -templatedir '/eda/synopsys/spyglass/spyglass_2020.03-SP2-6/SPYGLASS_HOME/auxi/policy_data/spyglass/design_read' \
             -projectwdir './spyglass-1' \
             -gateslibdb '../lib/256x32_wirtemask_on_pico_mem/USERLIB_ss_0p90v_0p90v_m40c.db' \
             -gateslibdb '../lib/512x32_code_mem/USERLIB_ss_0p90v_0p90v_m40c.db' \
             -gateslibdb '../lib/512x64rf_coeff_mem/USERLIB_ss_0p90v_0p90v_m40c.db' \
             -gateslibdb '../lib/spsram16384x16_16_writemask_on_main_mem/USERLIB_ss_0p90v_0p90v_m40c.db' \
             --template_info 'Design_Read' \
             -enable_gateslib_autocompile \
             -64bit  \
             ../rtl/compute.v \
             ../rtl/memory.v \
             ../rtl/picorv32.v \
             ../rtl/picosoc.v \
             ../rtl/sequencer.v \
             ../rtl/simpleuart.v \
             ../rtl/soctop.v \
             ../rtl/spimemio.v \
             ../rtl/top.v

##verbosity level   : 2
##exact cmdline arg : -batch -project spyglass-1.prj -designread  -64bit
##spyglass_run.csh begins :
;	cd /home/users/team3_03/Desktop/design2021/spyglass
;	setenv ATRENTA_LICENSE_FILE 27000@RDserver03
;	setenv SPYGLASS_LD_PRELOAD /eda/synopsys/spyglass/spyglass_2020.03-SP2-6/SPYGLASS_HOME/lib/libreplacemalloc.so
;	setenv SPYGLASS_DW_PATH /eda/synopsys/spyglass/spyglass_2020.03-SP2-6/SPYGLASS_HOME/dw_support
;	/eda/synopsys/spyglass/spyglass_2020.03-SP2-6/SPYGLASS_HOME/bin/spyglass  -batch -project spyglass-1.prj -designread  -64bit
##spyglass_run.csh ends
##files    : ../rtl/compute.v \
             ../rtl/memory.v \
             ../rtl/picorv32.v \
             ../rtl/picosoc.v \
             ../rtl/sequencer.v \
             ../rtl/simpleuart.v \
             ../rtl/soctop.v \
             ../rtl/spimemio.v \
             ../rtl/top.v


WARNING [333]    Unable to open file /eda/synopsys/spyglass/spyglass_2020.03-SP2-6/SPYGLASS_HOME/auxi/policy_data/spyglass/sglib_version_summaryV2.txt in mode : 'r' (Reason: No such file or directory)
Reading specified sglib files(s) ....
   Processing library: 'USERLIB_ss_0p90v_0p90v_m40c' .... done
Checking Rule AutoGenerateSglib (Rule 1 of total 122) .... done (Time = 0.00s, Memory = 0.0K)

INFO [76]    Using './spyglass-1/WORK/64' as the Work Directory for 64bit precompiled dump.
Checking Rule ZeroSizeFile (Rule 2 of total 122) .... done (Time = 0.00s, Memory = 0.0K)
Checking Rule PrecompileLibCheck01 (Rule 3 of total 122) .... done (Time = 0.00s, Memory = 0.0K)
Checking Rule PrecompileLibCheck02 (Rule 4 of total 122) .... done (Time = 0.00s, Memory = 0.0K)
Checking Rule PrecompileLibCheck03 (Rule 5 of total 122) .... done (Time = 0.00s, Memory = 0.0K)
Checking Rule PrecompileLibCheck04 (Rule 6 of total 122) .... done (Time = 0.00s, Memory = 0.0K)
Checking Rule ReportSglibVersionSummary (Rule 7 of total 122) .... done (Time = 0.00s, Memory = 0.0K)
Checking Rule AbstractInterface (Rule 8 of total 122) .... done (Time = 0.00s, Memory = 0.0K)
Checking Rule ReportObsoleteRules (Rule 9 of total 122) .... done (Time = 0.00s, Memory = 0.0K)
Checking Rule ReportDeprecatedRules (Rule 10 of total 122) .... done (Time = 0.00s, Memory = 0.0K)
Checking Rule SGDC_assume_path01 (Rule 11 of total 122) .... done (Time = 0.00s, Memory = 0.0K)
Checking Rule SGDC_sdcschema02 (Rule 12 of total 122) .... done (Time = 0.00s, Memory = 32.0K)
Checking Rule SGDC_clock05 (Rule 13 of total 122) .... done (Time = 0.00s, Memory = 0.0K)
Checking Rule SGDC_clock09 (Rule 14 of total 122) .... done (Time = 0.00s, Memory = 0.0K)
Checking Rule SGDC_force_ta05 (Rule 15 of total 122) .... done (Time = 0.00s, Memory = 8.0K)
Checking Rule SGDC_require_path03 (Rule 16 of total 122) .... done (Time = 0.00s, Memory = -8.0K)
Checking Rule SGDC_require_value03 (Rule 17 of total 122) .... done (Time = 0.00s, Memory = 8.0K)
Checking Rule SGDC_voltagedomain05 (Rule 18 of total 122) .... done (Time = 0.00s, Memory = 8.0K)
Checking Rule SGDC_voltagedomain06 (Rule 19 of total 122) .... done (Time = 0.00s, Memory = 0.0K)
Checking Rule SGDC_voltagedomain07 (Rule 20 of total 122) .... done (Time = 0.00s, Memory = -24.0K)
Checking Rule SGDC_powerdomainoutputs02 (Rule 21 of total 122) .... done (Time = 0.00s, Memory = 32.0K)
Checking Rule SGDC_supply01 (Rule 22 of total 122) .... done (Time = 0.00s, Memory = 8.0K)
Checking Rule SGDC_waive01 (Rule 23 of total 122) .... done (Time = 0.00s, Memory = 0.0K)
Checking Rule SGDC_waive02 (Rule 24 of total 122) .... done (Time = 0.00s, Memory = 8.0K)
Checking Rule SGDC_waive03 (Rule 25 of total 122) .... done (Time = 0.00s, Memory = -8.0K)
Checking Rule SGDC_waive04 (Rule 26 of total 122) .... done (Time = 0.00s, Memory = 8.0K)
Checking Rule SGDC_waive05 (Rule 27 of total 122) .... done (Time = 0.00s, Memory = -8.0K)
Checking Rule SGDC_waive06 (Rule 28 of total 122) .... done (Time = 0.00s, Memory = 0.0K)
Checking Rule SGDC_waive07 (Rule 29 of total 122) .... done (Time = 0.00s, Memory = 0.0K)
Checking Rule SGDC_waive08 (Rule 30 of total 122) .... done (Time = 0.00s, Memory = 0.0K)
Checking Rule SGDC_waive09 (Rule 31 of total 122) .... done (Time = 0.00s, Memory = 0.0K)
Checking Rule SGDC_waive10 (Rule 32 of total 122) .... done (Time = 0.00s, Memory = 0.0K)
Checking Rule SGDC_waive11 (Rule 33 of total 122) .... done (Time = 0.00s, Memory = 0.0K)
Checking Rule SGDC_waive12 (Rule 34 of total 122) .... done (Time = 0.00s, Memory = 0.0K)
Checking Rule SGDC_waive13 (Rule 35 of total 122) .... done (Time = 0.00s, Memory = 0.0K)
Checking Rule SGDC_waive21 (Rule 36 of total 122) .... done (Time = 0.00s, Memory = 0.0K)
Checking Rule SGDC_waive22 (Rule 37 of total 122) .... done (Time = 0.00s, Memory = 0.0K)
Checking Rule SGDC_waive30 (Rule 38 of total 122) .... done (Time = 0.00s, Memory = 0.0K)
Checking Rule SGDC_waive32 (Rule 39 of total 122) .... done (Time = 0.00s, Memory = 0.0K)
Checking Rule SGDC_waive33 (Rule 40 of total 122) .... done (Time = 0.00s, Memory = 0.0K)
Checking Rule SGDC_waive36 (Rule 41 of total 122) .... done (Time = 0.00s, Memory = 0.0K)
Checking Rule SGDC_waive38 (Rule 42 of total 122) .... done (Time = 0.00s, Memory = 0.0K)
Checking Rule SGDC_fifo01 (Rule 43 of total 122) .... done (Time = 0.00s, Memory = 40.0K)
Checking Rule SGDC_libgroup01 (Rule 44 of total 122) .... done (Time = 0.00s, Memory = 0.0K)
Checking Rule SGDC_libgroup02 (Rule 45 of total 122) .... done (Time = 0.00s, Memory = 0.0K)
Checking Rule SGDC_libgroup04 (Rule 46 of total 122) .... done (Time = 0.00s, Memory = 0.0K)
Checking Rule SGDC_power_data01 (Rule 47 of total 122) .... done (Time = 0.00s, Memory = 0.0K)
Checking Rule SGDC_ungroup01 (Rule 48 of total 122) .... done (Time = 0.00s, Memory = 8.0K)
Checking Rule SGDC_abstract_port06 (Rule 49 of total 122) .... done (Time = 0.00s, Memory = 8.0K)
Checking Rule SGDC_abstract_port14 (Rule 50 of total 122) .... done (Time = 0.00s, Memory = 8.0K)
Checking Rule SGDC_abstract_port15 (Rule 51 of total 122) .... done (Time = 0.00s, Memory = 0.0K)
Checking Rule SGDC_abstract_port18 (Rule 52 of total 122) .... done (Time = 0.00s, Memory = 8.0K)
Checking Rule sdc_init_rule (Rule 53 of total 122) .... done (Time = 0.00s, Memory = 96.0K)
Checking Rule CMD_ignorelibs01 (Rule 54 of total 122) .... done (Time = 0.00s, Memory = 0.0K)
Checking Rule ReportRuleNotRun (Rule 55 of total 122) .... done (Time = 0.00s, Memory = 0.0K)
Checking Rule ReportStopSummary (Rule 56 of total 122) .... done (Time = 0.00s, Memory = 0.0K)
Checking Rule ReportIgnoreSummary (Rule 57 of total 122) .... done (Time = 0.00s, Memory = 0.0K)
##SGDEBUG [BENCHMARK_ABSOLUTE]: Analysis started: 1 sec, 0.94 sec, 646684 KB, 2639324 KB
##SGDEBUG [BENCHMARK_INCR]: Analysis started: 1 sec, 0.94 sec, 646684 KB, 2639324 KB
 Analyzing source file "../rtl/compute.v" ....
 Analyzing source file "../rtl/memory.v" ....
 Analyzing source file "../rtl/picorv32.v" ....
 WRN_69              -            -            Warning                       
 Analyzing source file "../rtl/picosoc.v" ....
 Analyzing source file "../rtl/sequencer.v" ....
 Analyzing source file "../rtl/simpleuart.v" ....
 Analyzing source file "../rtl/soctop.v" ....
 Analyzing source file "../rtl/spimemio.v" ....
 Analyzing source file "../rtl/top.v" ....
##SGDEBUG [BENCHMARK_ABSOLUTE]: Analysis finished: 1 sec, 0.98 sec, 646788 KB, 2639324 KB
##SGDEBUG [BENCHMARK_INCR]: Analysis finished: 0 sec, 0.04 sec, 104 KB, 0 KB
##SGDEBUG [BENCHMARK_ABSOLUTE]: Elaboration started: 1 sec, 0.98 sec, 646788 KB, 2639324 KB
##SGDEBUG [BENCHMARK_INCR]: Elaboration started: 0 sec, 0.00 sec, 0 KB, 0 KB
 Elaborating Top Verilog Design Unit 'picorv32_regs' .....
 done
 Elaborating Top Verilog Design Unit 'picosoc_regs' .....
 done
 Elaborating Top Verilog Design Unit 'picosoc_mem' .....
 done
 Elaborating Top Verilog Design Unit 'soctop' .....
 done
##SGDEBUG [BENCHMARK_ABSOLUTE]: Elaboration finished: 1 sec, 0.99 sec, 713412 KB, 2639324 KB
##SGDEBUG [BENCHMARK_INCR]: Elaboration finished: 0 sec, 0.01 sec, 66624 KB, 0 KB
##SGDEBUG [BENCHMARK_ABSOLUTE]: RTL Semantic Checker started: 1 sec, 0.99 sec, 713412 KB, 2639324 KB
##SGDEBUG [BENCHMARK_INCR]: RTL Semantic Checker started: 0 sec, 0.00 sec, 0 KB, 0 KB
##SGDEBUG [BENCHMARK_ABSOLUTE]: RTL Semantic Checker finished: 1 sec, 0.99 sec, 713444 KB, 2639324 KB
##SGDEBUG [BENCHMARK_INCR]: RTL Semantic Checker finished: 0 sec, 0.00 sec, 32 KB, 0 KB
Checking Rule ElabSummary (Rule 58 of total 122) .... done (Time = 0.00s, Memory = 0.0K)
Checking Rule ReportCheckDataSummary (Rule 59 of total 122) .... done (Time = 0.00s, Memory = 0.0K)
Checking Rule IgnoredLibCells (Rule 60 of total 122) .... done (Time = 0.01s, Memory = 0.0K)
Checking Rule ReportSglibSummary (Rule 61 of total 122) .... done (Time = 0.00s, Memory = 0.0K)
 Reading waiver file "./spyglass-1/Design_Read/spyglass_spysch/constraint/spg_autogenerated_waivers.sgdc" ...
 Generating SGDC file "./spyglass-1/Design_Read/spyglass_spysch/constraint/pragma2Constraint.sgdc" from pragmas in HDL source files ....
 Generating WAIVER file "./spyglass-1/Design_Read/spyglass_spysch/waiver/pragma2Waiver.swl" from pragmas in HDL source files ....
Checking Rule SGDC_waive37 (Rule 62 of total 122) .... done (Time = 0.00s, Memory = 0.0K)
Checking Rule DetectTopDesignUnits (Rule 63 of total 122) Detected 4 top level design units: 
     picorv32_regs
     picosoc_regs
     picosoc_mem
     soctop
 .... done (Time = 0.01s, Memory = 0.0K)
Performing semantic checks on SGDC contents
..... SGDC semantic checks completed. (Time = 0.00s, Memory = 0.0K)
Checking Rule SGDC_testmode03 (Rule 64 of total 122) .... done (Time = 0.00s, Memory = 0.0K)
Checking Rule ReportObsoletePragmas (Rule 65 of total 122) .... done (Time = 0.00s, Memory = 0.0K)
Checking Rule checkSGDC_01 (Rule 66 of total 122) .... done (Time = 0.00s, Memory = 0.0K)
Checking Rule checkSGDC_03 (Rule 67 of total 122) .... done (Time = 0.00s, Memory = 0.0K)
Checking Rule checkSGDC_08 (Rule 68 of total 122) .... done (Time = 0.00s, Memory = 0.0K)
Checking Rule GenerateConfMap (Rule 69 of total 122) .... done (Time = 0.00s, Memory = 0.0K)
Checking Rule SGDC_memorywritepin04 (Rule 70 of total 122) .... done (Time = 0.00s, Memory = 0.0K)
Checking Rule SGDC_reset02 (Rule 71 of total 122) .... done (Time = 0.00s, Memory = 0.0K)
Checking Rule SGDC_reset03 (Rule 72 of total 122) .... done (Time = 0.00s, Memory = 8.0K)
Checking Rule SGDC_libgroup03 (Rule 73 of total 122) .... done (Time = 0.00s, Memory = 0.0K)
Checking Rule SGDC_ungroup02 (Rule 74 of total 122) .... done (Time = 0.00s, Memory = 0.0K)
Checking Rule HdlLibDuCheck (Rule 75 of total 122) .... done (Time = 0.00s, Memory = 0.0K)
Checking Rule RtlDesignInfo (Rule 76 of total 122)
##SGDEBUG [BENCHMARK_DATA]: Number of RTL Design Units = 21
##SGDEBUG: RTL statistics for Verilog design units:
##SGDEBUG[BENCHMARK_DATA]: RTL Ports = 263 2609 99
##SGDEBUG[BENCHMARK_DATA]: RTL Insts = 191
##SGDEBUG[BENCHMARK_DATA]: RTL Nets = 737 8881 402
##SGDEBUG[BENCHMARK_DATA]: RTL Terms = 629 3445 153

##SGDEBUG: NOTE: Following estimated data is applicable for structural designs only.
##SGDEBUG:     In case of RTL designs, this data may differ significantly from the actual figure.
##SGDEBUG[BENCHMARK_DATA]: Estimated Flat Insts = 28
##SGDEBUG[BENCHMARK_DATA]: Estimated Flat Nets = 5159
##SGDEBUG[BENCHMARK_DATA]: Estimated Flat Terms = 2618
##SGDEBUG[BENCHMARK_DATA]: Estimated Flat Paths = 10
 .... done (Time = 0.00s, Memory = 0.0K)
Checking Rule CheckCelldefine (Rule 77 of total 122) .... done (Time = 0.00s, Memory = 0.0K)
Checking Rule SGDC_waive23 (Rule 78 of total 122) .... done (Time = 0.00s, Memory = 0.0K)
Checking Rule SGDC_waive26 (Rule 79 of total 122) .... done (Time = 0.00s, Memory = 0.0K)
Checking Rule SGDC_waive27 (Rule 80 of total 122) .... done (Time = 0.00s, Memory = 0.0K)
Checking Rule SGDC_waive29 (Rule 81 of total 122) .... done (Time = 0.00s, Memory = 0.0K)
Checking Rule SGDC_waive24 (Rule 82 of total 122) .... done (Time = 0.00s, Memory = 0.0K)
Checking Rule SGDC_waive25 (Rule 83 of total 122) .... done (Time = 0.00s, Memory = 0.0K)
Checking Rule SGDC_waive31 (Rule 84 of total 122) .... done (Time = 0.00s, Memory = 0.0K)
Checking Rule SGDC_waive35 (Rule 85 of total 122) .... done (Time = 0.00s, Memory = 0.0K)
Checking Rule checkCMD_mthresh (Rule 86 of total 122) .... done (Time = 0.00s, Memory = 0.0K)
Checking Rule AnalyzeBBox (Rule 87 of total 122) .... done (Time = 0.00s, Memory = 24.0K)
Checking Rule ReportCheckDataSummary (Rule 59 of total 122) .... done (Time = 0.00s, Memory = 0.0K)

Applying user specified and internally generated waivers on violation database .... done (Time = 0.05s)

Generating data for Console...
##SGDEBUG [PEAK_VMSIZE_END_RULE]: 2639324 KB for entire run at 'DetectTopDesignUnits.Init' stage
##SGDEBUG [PEAK_SWAP_MEMORY_END_RULE]: 0 KB for entire run
##SGDEBUG [VMPEAK_MEMORY]: 2639348 KB for entire run
##SGDEBUG [PEAK_RSS_MEMORY]: 489996 KB for entire run
##SGDEBUG [BENCHMARK_ABSOLUTE]: Rule checking finished: 2 sec, 1.68 sec, 714244 KB, 2639316 KB
##SGDEBUG [BENCHMARK_INCR]: Rule checking finished: 1 sec, 0.68 sec, 800 KB, -8 KB


=====================================================================================
							Rule Parameter Table
=====================================================================================

	PARAMETER-NAME                                     VALUE                DEFAULT VALUE
-------------------------------------------------------------------------------------
	-allow_clock_on_output_port                        no                   no
	-check_clock_group_violations                      no                   no
	-debug_proc                                        no                   no
	-force_genclk_for_txv                              no                   no
	-library_gen_clock_naming                          yes                  yes
	-netlist_clock_polarity                            yes                  yes
	-populate_comboelements_for_minmax_in_fromto       no                   no
	-post_clock_group_population                       no                   no
	-preserve_path                                     no                   no
	-pt                                                no                   yes
	-show_all_sdc_violations                           no                   no
	-show_sdc_progress                                 no                   no
	-suppress_sdc_violation_in_abstract                no                   no
	-tc_cache_empty_collections                        no                   no
	-tc_disable_caching                                no                   no
	-tc_disable_ignored_command_dump                   yes                  yes
	-tc_enable_sdc_393                                 no                   no
	-tc_ignored_commands                               unspecified          unspecified
	-tc_stop_parsing_ignored_commands                  yes                  yes
	-truncate_through                                  yes                  yes
	-write_sdc                                         no                   no
=====================================================================================



=====================================================================================
                               Rule Status Table

 RULE-NAME                      POLICY-NAME     ENABLED VIOL-CNT RULE-TYPE   ERROR-MSG         
=====================================================================================
 WRN_1464             (Verilog) SpyGlass        Yes            1 SETUP          -               
 WRN_1024             (Verilog) SpyGlass        Yes            7 SETUP          -               
 WRN_69               (Verilog) SpyGlass        Yes            1 SETUP          -               
 ElabSummary                    SpyGlass        Yes            1 SETUP          -               
 ErrorAnalyzeBBox               SpyGlass        Yes            3 SETUP          -               
 WarnAnalyzeBBox                SpyGlass        Yes            1 SETUP          -               
 DetectTopDesignUnits           SpyGlass        Yes            4 RTLALLDULIST   -               
-------------------------------------------------------------------------------------
Note: VSDU type of rules (as seen in the above table) are not run on
      unsynthesized modules reported by 'ErrorAnalyzeBBox/InfoAnalyzeBBox' messages
      (Please see messages starting with keyword 'UnsynthesizedDU')

##status : SpyGlass Rule Checking Complete.

---------------------------------------------------------------------------------------------
Results Summary:
---------------------------------------------------------------------------------------------
   Goal Run           :      Design_Read
   Command-line read  :      0 error,      0 warning,      0 information message 
   Design Read        :      0 error,      9 warnings,     5 information messages
      Found 4 top modules:
         picorv32_regs   (file: ../rtl/picorv32.v)
         picosoc_regs    (file: ../rtl/picosoc.v)
         picosoc_mem     (file: ../rtl/picosoc.v)
         soctop          (file: ../rtl/soctop.v)

** Blackbox Resolution:      3 errors,     1 warning,      0 information message 
   SGDC Checks        :      0 error,      0 warning,      0 information message 
   -------------------------------------------------------------------------------------
   Total              :      3 errors,    10 warnings,     5 information messages

  Total Number of Generated Messages     :        18 (3 errors, 10 warnings, 5 Infos)
  Number of Reported Messages            :        18 (3 errors, 10 warnings, 5 Infos)

  NOTE: It is recommended to first fix/reconcile fatals/errors reported on
        lines starting with ** as subsequent issues might be related to it.
        Please re-run SpyGlass once ** prefixed lines are fatal/error clean.

---------------------------------------------------------------------------------------------



SpyGlass Rule Checking Complete.

Generating moresimple report from './spyglass-1/Design_Read/spyglass.vdb' to './spyglass-1/Design_Read/spyglass_reports/moresimple.rpt' ....

Generating runsummary report from './spyglass-1/Design_Read/spyglass.vdb' ....

Generating no_msg_reporting_rules report from './spyglass-1/Design_Read/spyglass.vdb' to './spyglass-1/Design_Read/spyglass_reports/no_msg_reporting_rules.rpt' ....

Policy specific data (reports) are present in the directory './spyglass-1/Design_Read/spyglass_reports'.

SpyGlass critical reports for the current run are present in directory './spyglass-1/consolidated_reports/Design_Read/'.


---------------------------------------------------------------------------------------------------
Results Summary:
---------------------------------------------------------------------------------------------------
   Goal Run           :      Design_Read
   Top Module         :      Found 4 top modules
                             (picorv32_regs picosoc_regs picosoc_mem soctop)
---------------------------------------------------------------------------------------------------
   Reports Directory: 
   /home/users/team3_03/Desktop/design2021/spyglass/spyglass-1/consolidated_reports/Design_Read/ 

   SpyGlass LogFile: 
    /home/users/team3_03/Desktop/design2021/spyglass/spyglass-1/Design_Read/spyglass.log 

   Standard Reports: 
     moresimple.rpt          no_msg_reporting_rules.rpt       

   HTML report:
     <Not Available>
  

   Technology Reports:  
     <Not Available>
   
   
---------------------------------------------------------------------------------------------------
   Goal Violation Summary:
       Waived   Messages:                      0 Errors,      0 Warnings,      0 Infos
       Reported Messages:         0 Fatals,    3 Errors,     10 Warnings,      5 Infos
---------------------------------------------------------------------------------------------------
   
---------------------------------------------------------------------------------------------------
 
SpyGlass Exit Code 0 (Rule-checking completed with errors)
SpyGlass total run-time is 00:07:17 (437 secs)
SpyGlass total goal run-time is 00:00:02 (2 secs)
SpyGlass total cpu-time is 2 secs
SpyGlass run completed at 02:20:48 PM on Oct 07 2021
