
################################################################################
#
# This file has been generated by SpyGlass:
#     Report Name      : moresimple
#     Report Created by: team3_03
#     Report Created on:  Thu Oct  7 16:35:33 2021
#     Working Directory: /home/users/team3_03/Desktop/design2021/spyglass
#     SpyGlass Version : SpyGlass_vQ-2020.03-SP2-6
#     Policy Name      : SpyGlass(SpyGlass_vQ-2020.03-SP2-06)
#                        auto-verify(SpyGlass_vQ-2020.03-SP2-06)
#
#     Total Number of Generated Messages :          1
#     Number of Waived Messages          :          0
#     Number of Reported Messages        :          1
#     Number of Overlimit Messages       :          0
#
#
################################################################################

+++++++++++++++++++++++++++++++++++++++++++++++++++++++++++++++++++++++
MORESIMPLE REPORT:
############### FATAL MESSAGES ############### 
+++++++++++++++++++++++++++++++++++++++++++++++++++++++++++++++++++++++++++++++++
ID       Rule            Alias    Severity    File    Line    Wt    Message
======================================================================================
[0]      Av_license01             FATAL       N.A.    0       2     'Advanced Lint Policy' not run due to unavailability of Auto_Verify license feature
+++++++++++++++++++++++++++++++++++++++++++++++++++++++++++++++++++++++++++++++++++++++
