SpyGlass run started at 02:13:31 PM on Oct 07 2021 

SpyGlass Predictive Analyzer(R) - Version SpyGlass_vQ-2020.03-SP2-6
Synopsys TestMAX(TM)
Last compiled on Jun  3 2021

All Rights Reserved. Use, disclosure or duplication
without prior written permission of Synopsys Inc. is prohibited.
Technical support: email spyglass_support@synopsys.com.


 Auto-compiling gates libraries

        "../lib/256x32_wirtemask_on_pico_mem/mem256x32_ss_0p90v_0p90v_m40c.lib"
        "../lib/512x32_code_mem/mem512x32_ss_0p90v_0p90v_m40c.lib"
        "../lib/512x64rf_coeff_mem/mem512x64_ss_0p90v_0p90v_m40c.lib"
        "../lib/spsram16384x16_16_writemask_on_main_mem/mem16384x16_ss_0p90v_0p90v_m40c.lib"
        "../lib/256x32_wirtemask_on_pico_mem/USERLIB_ss_0p90v_0p90v_m40c.db"
        "../lib/512x32_code_mem/USERLIB_ss_0p90v_0p90v_m40c.db"
        "../lib/512x64rf_coeff_mem/USERLIB_ss_0p90v_0p90v_m40c.db"
        "../lib/spsram16384x16_16_writemask_on_main_mem/USERLIB_ss_0p90v_0p90v_m40c.db"
    to
        "./spyglass-1/spyglass_cache/autogenerated_sglib/aggregate.sglib" ...already compiled

 Using this already compiled sglib for the current run ...

Running SpyGlass 64-bit Executable: /eda/synopsys/spyglass/spyglass_2020.03-SP2-6/SPYGLASS_HOME/obj/check.Linux4

RULE-CHECKING IN MIXED MODE
Loading Policy: spyglass (Version: SpyGlass_vQ-2020.03-SP2-06) from path: /eda/synopsys/spyglass/spyglass_2020.03-SP2-6/SPYGLASS_HOME/policies/spyglass
Loading Shared library libspyglassrules-Linux4.spyso from /eda/synopsys/spyglass/spyglass_2020.03-SP2-6/SPYGLASS_HOME/lib/libspyglassrules-Linux4.spyso 
Loading Shared library libsdcInitRules-Linux4.spyso from /eda/synopsys/spyglass/spyglass_2020.03-SP2-6/SPYGLASS_HOME/lib/libsdcInitRules-Linux4.spyso 
Loading Shared library librmerules-Linux4.spyso from /eda/synopsys/spyglass/spyglass_2020.03-SP2-6/SPYGLASS_HOME/lib/librmerules-Linux4.spyso 
Loading Shared library libformalRules-Linux4.spyso from /eda/synopsys/spyglass/spyglass_2020.03-SP2-6/SPYGLASS_HOME/policies/auto-verify/libformalRules-Linux4.spyso 
Version of Policy 'auto-verify': SpyGlass_vQ-2020.03-SP2-06
Loading Shared library libVeStarc-Linux4.spyso from /eda/synopsys/spyglass/spyglass_2020.03-SP2-6/SPYGLASS_HOME/policies/starc/libVeStarc-Linux4.spyso 
Loading Shared library libVeLint-Linux4.spyso from /eda/synopsys/spyglass/spyglass_2020.03-SP2-6/SPYGLASS_HOME/lib/libVeLint-Linux4.spyso 
Loading Shared library libCoreRules-Linux4.spyso from /eda/synopsys/spyglass/spyglass_2020.03-SP2-6/SPYGLASS_HOME/lib/libCoreRules-Linux4.spyso 
Loading Shared library libVeMoreLint-Linux4.spyso from /eda/synopsys/spyglass/spyglass_2020.03-SP2-6/SPYGLASS_HOME/policies/morelint/libVeMoreLint-Linux4.spyso 
Loading Shared library libVhMoreLint-Linux4.spyso from /eda/synopsys/spyglass/spyglass_2020.03-SP2-6/SPYGLASS_HOME/policies/morelint/libVhMoreLint-Linux4.spyso 
Enabling Following Rules Only For Save:
 ReportCksum
GenTopLevelBlocksForAutoSoc
Total Rules Enabled Only For Save : 2
##build_id : Q-2020.03-SP2-6
##system   : Linux RDserver03 3.10.0-1160.el7.x86_64 #1 SMP Mon Oct 19 16:18:59 UTC 2020 x86_64
##cwd      : /home/users/team3_03/Desktop/design2021/spyglass
##lang     : Verilog+VHDL
##args     : -mSpyGlass::Compatibility::v2_7_3 \
             -mSpyGlass::Compatibility::v2_7_3 \
             -mSpyGlass::Compatibility::v2_7_3 \
             -nl \
             -top 'soctop' \
             -lib accellera_vlog /eda/synopsys/spyglass/spyglass_2020.03-SP2-6/SPYGLASS_HOME/auxi/ovl/precompile/Linux4/accellera_verilog \
             -lib accellera /eda/synopsys/spyglass/spyglass_2020.03-SP2-6/SPYGLASS_HOME/auxi/ovl/precompile/Linux4/accellera_vhdl \
             -lib WORK ./spyglass-1/soctop/WORK \
             -lib accellera_vlog /eda/synopsys/spyglass/spyglass_2020.03-SP2-6/SPYGLASS_HOME/auxi/ovl/precompile/Linux4/accellera_verilog \
             -lib accellera /eda/synopsys/spyglass/spyglass_2020.03-SP2-6/SPYGLASS_HOME/auxi/ovl/precompile/Linux4/accellera_vhdl \
             -batch \
             -sgdc '/eda/synopsys/spyglass/spyglass_2020.03-SP2-6/SPYGLASS_HOME/auxi/policy_data/auto-verify/verif.sgdc' \
             -sgdc '/eda/synopsys/spyglass/spyglass_2020.03-SP2-6/SPYGLASS_HOME/auxi/policy_data/auto-verify/verif.sgdc' \
             -wdir './spyglass-1/soctop/adv_lint/adv_lint_verify' \
             -dbdir './spyglass-1/soctop/.SG_SaveRestoreDB' \
             -mixed \
             -policy='auto-verify' \
             --goal_info 'adv_lint/adv_lint_verify@' \
             -rules='Av_Info_Case_Analysis,Av_fsminf01,Av_fsminf02,Av_fsm_analysis,Av_divide_by_zero,Av_case01,Av_case02,Av_deadcode01,Av_bus01,Av_bus02,Av_dontcare01,Av_range01,Av_complexity01' \
             +syntharg '-ignoreHangingFF' \
             -gateslib '../lib/256x32_wirtemask_on_pico_mem/mem256x32_ss_0p90v_0p90v_m40c.lib' \
             -gateslib '../lib/512x32_code_mem/mem512x32_ss_0p90v_0p90v_m40c.lib' \
             -gateslib '../lib/512x64rf_coeff_mem/mem512x64_ss_0p90v_0p90v_m40c.lib' \
             -gateslib '../lib/spsram16384x16_16_writemask_on_main_mem/mem16384x16_ss_0p90v_0p90v_m40c.lib' \
             -templatedir '/eda/synopsys/spyglass/spyglass_2020.03-SP2-6/SPYGLASS_HOME/GuideWare/latest/block/rtl_handoff' \
             -projectwdir './spyglass-1' \
             -gateslibdb '../lib/256x32_wirtemask_on_pico_mem/USERLIB_ss_0p90v_0p90v_m40c.db' \
             -gateslibdb '../lib/512x32_code_mem/USERLIB_ss_0p90v_0p90v_m40c.db' \
             -gateslibdb '../lib/512x64rf_coeff_mem/USERLIB_ss_0p90v_0p90v_m40c.db' \
             -gateslibdb '../lib/spsram16384x16_16_writemask_on_main_mem/USERLIB_ss_0p90v_0p90v_m40c.db' \
             --template_info 'adv_lint/adv_lint_verify' \
             -enable_save_restore \
             -enable_gateslib_autocompile \
             -enable_save_restore_builtin 'true' \
             -64bit  \
             ../rtl/compute.v \
             ../rtl/memory.v \
             ../rtl/picorv32.v \
             ../rtl/picosoc.v \
             ../rtl/sequencer.v \
             ../rtl/simpleuart.v \
             ../rtl/soctop.v \
             ../rtl/spimemio.v \
             ../rtl/top.v \
             ../rtl/mem256x32.v \
             ../rtl/mem512x32.v \
             ../rtl/mem512x64.v \
             ../rtl/mem16384x16.v

##verbosity level   : 2
##exact cmdline arg : -batch -project spyglass-1.prj -goal adv_lint/adv_lint_verify -64bit
##spyglass_run.csh begins :
;	cd /home/users/team3_03/Desktop/design2021/spyglass
;	setenv ATRENTA_LICENSE_FILE 27000@RDserver03
;	setenv SPYGLASS_LD_PRELOAD /eda/synopsys/spyglass/spyglass_2020.03-SP2-6/SPYGLASS_HOME/lib/libreplacemalloc.so
;	setenv SPYGLASS_DW_PATH /eda/synopsys/spyglass/spyglass_2020.03-SP2-6/SPYGLASS_HOME/dw_support
;	/eda/synopsys/spyglass/spyglass_2020.03-SP2-6/SPYGLASS_HOME/bin/spyglass  -batch -project spyglass-1.prj -goal adv_lint/adv_lint_verify -64bit
##spyglass_run.csh ends
##files    : ../rtl/compute.v \
             ../rtl/memory.v \
             ../rtl/picorv32.v \
             ../rtl/picosoc.v \
             ../rtl/sequencer.v \
             ../rtl/simpleuart.v \
             ../rtl/soctop.v \
             ../rtl/spimemio.v \
             ../rtl/top.v \
             ../rtl/mem256x32.v \
             ../rtl/mem512x32.v \
             ../rtl/mem512x64.v \
             ../rtl/mem16384x16.v


WARNING [333]    Unable to open file /eda/synopsys/spyglass/spyglass_2020.03-SP2-6/SPYGLASS_HOME/auxi/policy_data/spyglass/sglib_version_summaryV2.txt in mode : 'r' (Reason: No such file or directory)
 Reading sgdc file "/eda/synopsys/spyglass/spyglass_2020.03-SP2-6/SPYGLASS_HOME/auxi/policy_data/auto-verify/verif.sgdc" ...
Performing unification checks on SGDC... done
Reading specified sglib files(s) ....
   Processing library: 'USERLIB_ss_0p90v_0p90v_m40c' .... done
Checking Rule AutoGenerateSglib (Rule 1 of total 205) .... done (Time = 0.00s, Memory = 0.0K)

INFO [76]    Using './spyglass-1/soctop/WORK/64' as the Work Directory for 64bit precompiled dump.
Checking Rule PrecompileLibCheck01 (Rule 2 of total 205) .... done (Time = 0.00s, Memory = 0.0K)
Checking Rule PrecompileLibCheck02 (Rule 3 of total 205) .... done (Time = 0.00s, Memory = 0.0K)
Checking Rule PrecompileLibCheck03 (Rule 4 of total 205) .... done (Time = 0.00s, Memory = 0.0K)
Checking Rule PrecompileLibCheck04 (Rule 5 of total 205) .... done (Time = 0.00s, Memory = 0.0K)
Checking Rule ReportSglibVersionSummary (Rule 6 of total 205) .... done (Time = 0.00s, Memory = 0.0K)
Checking Rule AbstractInterface (Rule 7 of total 205) .... done (Time = 0.00s, Memory = 0.0K)
Checking Rule SGDC_assume_path01 (Rule 8 of total 205) .... done (Time = 0.00s, Memory = 0.0K)
Checking Rule SGDC_sdcschema02 (Rule 9 of total 205) .... done (Time = 0.00s, Memory = 32.0K)
Checking Rule SGDC_clock05 (Rule 10 of total 205) .... done (Time = 0.00s, Memory = 0.0K)
Checking Rule SGDC_clock09 (Rule 11 of total 205) .... done (Time = 0.00s, Memory = 0.0K)
Checking Rule SGDC_force_ta05 (Rule 12 of total 205) .... done (Time = 0.00s, Memory = 0.0K)
Checking Rule SGDC_require_path03 (Rule 13 of total 205) .... done (Time = 0.00s, Memory = 0.0K)
Checking Rule SGDC_require_value03 (Rule 14 of total 205) .... done (Time = 0.00s, Memory = 0.0K)
Checking Rule SGDC_voltagedomain05 (Rule 15 of total 205) .... done (Time = 0.00s, Memory = 8.0K)
Checking Rule SGDC_voltagedomain06 (Rule 16 of total 205) .... done (Time = 0.00s, Memory = 0.0K)
Checking Rule SGDC_voltagedomain07 (Rule 17 of total 205) .... done (Time = 0.00s, Memory = 8.0K)
Checking Rule SGDC_powerdomainoutputs02 (Rule 18 of total 205) .... done (Time = 0.00s, Memory = 8.0K)
Checking Rule SGDC_supply01 (Rule 19 of total 205) .... done (Time = 0.00s, Memory = 8.0K)
Checking Rule SGDC_waive01 (Rule 20 of total 205) .... done (Time = 0.00s, Memory = 0.0K)
Checking Rule SGDC_waive02 (Rule 21 of total 205) .... done (Time = 0.00s, Memory = 8.0K)
Checking Rule SGDC_waive03 (Rule 22 of total 205) .... done (Time = 0.00s, Memory = 0.0K)
Checking Rule SGDC_waive04 (Rule 23 of total 205) .... done (Time = 0.00s, Memory = 0.0K)
Checking Rule SGDC_waive05 (Rule 24 of total 205) .... done (Time = 0.00s, Memory = 0.0K)
Checking Rule SGDC_waive06 (Rule 25 of total 205) .... done (Time = 0.00s, Memory = 0.0K)
Checking Rule SGDC_waive07 (Rule 26 of total 205) .... done (Time = 0.00s, Memory = 0.0K)
Checking Rule SGDC_waive08 (Rule 27 of total 205) .... done (Time = 0.00s, Memory = 0.0K)
Checking Rule SGDC_waive09 (Rule 28 of total 205) .... done (Time = 0.00s, Memory = 0.0K)
Checking Rule SGDC_waive10 (Rule 29 of total 205) .... done (Time = 0.00s, Memory = 0.0K)
Checking Rule SGDC_waive11 (Rule 30 of total 205) .... done (Time = 0.00s, Memory = 0.0K)
Checking Rule SGDC_waive12 (Rule 31 of total 205) .... done (Time = 0.00s, Memory = 0.0K)
Checking Rule SGDC_waive13 (Rule 32 of total 205) .... done (Time = 0.00s, Memory = 0.0K)
Checking Rule SGDC_waive21 (Rule 33 of total 205) .... done (Time = 0.00s, Memory = 0.0K)
Checking Rule SGDC_waive22 (Rule 34 of total 205) .... done (Time = 0.00s, Memory = 0.0K)
Checking Rule SGDC_waive30 (Rule 35 of total 205) .... done (Time = 0.00s, Memory = 0.0K)
Checking Rule SGDC_waive32 (Rule 36 of total 205) .... done (Time = 0.00s, Memory = 0.0K)
Checking Rule SGDC_waive33 (Rule 37 of total 205) .... done (Time = 0.00s, Memory = 0.0K)
Checking Rule SGDC_waive36 (Rule 38 of total 205) .... done (Time = 0.00s, Memory = 0.0K)
Checking Rule SGDC_waive38 (Rule 39 of total 205) .... done (Time = 0.00s, Memory = 0.0K)
Checking Rule SGDC_fifo01 (Rule 40 of total 205) .... done (Time = 0.00s, Memory = 0.0K)
Checking Rule SGDC_libgroup01 (Rule 41 of total 205) .... done (Time = 0.00s, Memory = 0.0K)
Checking Rule SGDC_libgroup02 (Rule 42 of total 205) .... done (Time = 0.00s, Memory = 0.0K)
Checking Rule SGDC_libgroup04 (Rule 43 of total 205) .... done (Time = 0.00s, Memory = 0.0K)
Checking Rule SGDC_power_data01 (Rule 44 of total 205) .... done (Time = 0.00s, Memory = 16.0K)
Checking Rule SGDC_ungroup01 (Rule 45 of total 205) .... done (Time = 0.00s, Memory = 0.0K)
Checking Rule SGDC_abstract_port06 (Rule 46 of total 205) .... done (Time = 0.00s, Memory = 8.0K)
Checking Rule SGDC_abstract_port14 (Rule 47 of total 205) .... done (Time = 0.00s, Memory = 0.0K)
Checking Rule SGDC_abstract_port15 (Rule 48 of total 205) .... done (Time = 0.00s, Memory = 8.0K)
Checking Rule SGDC_abstract_port18 (Rule 49 of total 205) .... done (Time = 0.00s, Memory = 0.0K)
Checking Rule sdc_init_rule (Rule 50 of total 205) .... done (Time = 0.00s, Memory = 0.0K)
Checking Rule CMD_ignorelibs01 (Rule 51 of total 205) .... done (Time = 0.00s, Memory = 0.0K)
Checking Rule ReportRuleNotRun (Rule 52 of total 205) .... done (Time = 0.00s, Memory = 0.0K)
Checking Rule Av_license01 (Rule 53 of total 205) .... done (Time = 0.00s, Memory = 16.0K)
Checking Rule Av_setup_checks01 (Rule 54 of total 205) .... done (Time = 0.00s, Memory = 0.0K)
Checking Rule Av_sanity01 (Rule 55 of total 205) .... done (Time = 0.00s, Memory = 0.0K)
Checking Rule AnalyzeBBox (Rule 56 of total 205) .... done (Time = 0.00s, Memory = 0.0K)

SpyGlass Rule Checking ABORTED.

Generating data for Console...

Generating moresimple report from './spyglass-1/soctop/adv_lint/adv_lint_verify/spyglass.vdb' to './spyglass-1/soctop/adv_lint/adv_lint_verify/spyglass_reports/moresimple.rpt' ....

Generating runsummary report from './spyglass-1/soctop/adv_lint/adv_lint_verify/spyglass.vdb' ....

Generating no_msg_reporting_rules report from './spyglass-1/soctop/adv_lint/adv_lint_verify/spyglass.vdb' to './spyglass-1/soctop/adv_lint/adv_lint_verify/spyglass_reports/no_msg_reporting_rules.rpt' ....

Generating ADV-LINT report from './spyglass-1/soctop/adv_lint/adv_lint_verify/spyglass.vdb' to './spyglass-1/soctop/adv_lint/adv_lint_verify/spyglass_reports/ADV-LINT.rpt' ....

Generating auto_verify report from './spyglass-1/soctop/adv_lint/adv_lint_verify/spyglass.vdb' to './spyglass-1/soctop/adv_lint/adv_lint_verify/spyglass_reports/auto_verify.rpt' ....

Policy specific data (reports) are present in the directory './spyglass-1/soctop/adv_lint/adv_lint_verify/spyglass_reports'.

SpyGlass critical reports for the current run are present in directory './spyglass-1/consolidated_reports/soctop_adv_lint_adv_lint_verify/'.
##SGDEBUG [PEAK_VMSIZE_END_RULE]: 5689280 KB for entire run at 'SDC2SGDCPARSEW_1.Init' stage
##SGDEBUG [PEAK_SWAP_MEMORY_END_RULE]: 0 KB for entire run
##SGDEBUG [VMPEAK_MEMORY]: 5922936 KB for entire run
##SGDEBUG [PEAK_RSS_MEMORY]: 2956356 KB for entire run
##SGDEBUG [BENCHMARK_ABSOLUTE]: Rule checking aborted: 2 sec, 2.09 sec, 2674404 KB, 5689272 KB
##SGDEBUG [BENCHMARK_INCR]: Rule checking aborted: 2 sec, 2.09 sec, 2674404 KB, 5689272 KB


=====================================================================================
							Rule Parameter Table
=====================================================================================

	PARAMETER-NAME                                     VALUE                DEFAULT VALUE
-------------------------------------------------------------------------------------
	-abstract                                          0                    0
	-allow_clock_on_output_port                        no                   no
	-atime                                             UNDEFINED            UNDEFINED
	-audit                                             no                   no
	-av_dcode_analysis                                 soft                 soft
	-av_dcode_report                                   minimal              minimal
	-av_dump_assertions                                UNDEFINED            UNDEFINED
	-av_dump_instance_complexity                       no                   no
	-av_dump_liveness                                  UNDEFINED            UNDEFINED
	-av_enable_crpt                                    no                   no
	-av_flopcount                                      -1                   -1
	-av_force_soft_reset                               Av_setreset01        Av_setreset01
	-av_ignore_preformal_run_time                      no                   no
	-av_run_time                                       UNDEFINED            UNDEFINED
	-av_seqdepth                                       -1                   -1
	-av_tclfile                                        UNDEFINED            UNDEFINED
	-av_violation_count                                UNDEFINED            UNDEFINED
	-check_clock_group_violations                      no                   no
	-chk_sign_unsign_also                              no                   no
	-dead_code_scope                                   if,case_without_default,generate,always_cond if,case_without_default,generate,always_cond
	-debug_proc                                        no                   no
	-detect_assign_fsm                                 no                   no
	-detect_ifelse_fsm                                 no                   no
	-detect_nested_fsm                                 no                   no
	-force_genclk_for_txv                              no                   no
	-fv_dcode_all_inst                                 no                   no
	-fv_debug_sim_cycles                               0                    0
	-fv_parallelfile                                   UNDEFINED            UNDEFINED
	-ieffort                                           0                    0
	-ignore_bus_clocks                                 1024                 1024
	-ignore_latches                                    no                   no
	-include_construct                                 none                 none
	-library_gen_clock_naming                          yes                  yes
	-modulelist                                        UNDEFINED            UNDEFINED
	-netlist_clock_polarity                            yes                  yes
	-passfail                                          both                 both
	-populate_comboelements_for_minmax_in_fromto       no                   no
	-post_clock_group_population                       no                   no
	-preserve_path                                     no                   no
	-propfile                                          UNDEFINED            UNDEFINED
	-pt                                                yes                  yes
	-scope                                             chip                 chip
	-show_all_sdc_violations                           no                   no
	-show_sdc_progress                                 no                   no
	-solvemethod                                       1                    1
	-suppress_sdc_violation_in_abstract                no                   no
	-tc_cache_empty_collections                        no                   no
	-tc_disable_caching                                no                   no
	-tc_disable_ignored_command_dump                   yes                  yes
	-tc_enable_sdc_393                                 no                   no
	-tc_ignored_commands                               unspecified          unspecified
	-tc_stop_parsing_ignored_commands                  yes                  yes
	-truncate_through                                  yes                  yes
	-use_inferred_clocks                               no                   no
	-use_inferred_resets                               no                   no
	-vcdfile                                           UNDEFINED            UNDEFINED
	-vcdfulltrace                                      usernets             usernets
	-vcdtime                                           -1                   -1
	-verbose                                           0                    0
	-write_sdc                                         no                   no
	-xassign_casedefault                               no                   no
=====================================================================================



=====================================================================================
                               Rule Status Table

 RULE-NAME                      POLICY-NAME     ENABLED VIOL-CNT RULE-TYPE   ERROR-MSG         
=====================================================================================
 Av_staticreg02                 auto-verify     No             - FLATDU2_WL     -               
 Av_ovl01                       auto-verify     No             - FLATDU2_WL     -               
 Av_case_default_missing        auto-verify     No             - FLATDU2_WL     -               
 Av_case_default_redundant      auto-verify     No             - FLATDU2_WL     -               
 Av_dontcare_mismatch           auto-verify     No             - FLATDU2_WL     -               
 Av_width_mismatch_expr03       auto-verify     No             - FLATDU2_WL     -               
 Av_width_mismatch_expr02       auto-verify     No             - FLATDU2_WL     -               
 Av_width_mismatch_expr         auto-verify     No             - FLATDU2_WL     -               
 Av_signed_unsigned_mismatch    auto-verify     No             - FLATDU2_WL     -               
 Av_width_mismatch_function     auto-verify     No             - FLATDU2_WL     -               
 Av_width_mismatch_port         auto-verify     No             - FLATDU2_WL     -               
 Av_width_mismatch_case         auto-verify     No             - FLATDU2_WL     -               
 Av_width_mismatch_assign       auto-verify     No             - FLATDU2_WL     -               
 Av_syncfifo01                  auto-verify     No             - FLATDU2_WL     -               
 Av_eventually_stucknet         auto-verify     No             - FLATDU2_WL     -               
 Av_setreset01                  auto-verify     No             - FLATDU2_WL     -               
 Av_staticnet01                 auto-verify     No             - FLATDU2_WL     -               
 Av_negative_shift              auto-verify     No             - FLATDU2_WL     -               
 Av_fsm01                       auto-verify     No             - FLATDU2_WL     -               
 Av_fsm02                       auto-verify     No             - FLATDU2_WL     -               
 Av_case03                      auto-verify     No             - ELABDU         -               
 Av_sanity04                    auto-verify     No             - FLATDU2_WL     -               
 Av_rstinf01                    auto-verify     No             - FLATDU2_WL     -               
 Av_clkinf01                    auto-verify     No             - FLATDU2_WL     -               
 Av_sanity03                    auto-verify     No             - FLATDU2_WL     -               
 _avAddSynthNet                 auto-verify     Yes            0 ELABDU         -               
 _advLintReport01               auto-verify     Yes            0 FLATDU2_WL     -               
 Av_report01                    auto-verify     Yes            0 FLATDU2_WL     -               
 Av_IpblockTaggedNet            auto-verify     Yes            0 FLATDU2_PRD_WL   -               
 Av_PortRetention               auto-verify     Yes            0 VSTOPDU        -               
 Av_Info_Case_Analysis          auto-verify     Yes            0 FLATDU2_WL     -               
 _formallint_preReq   (Verilog) auto-verify     Yes            0 ELABDU         -               
 _case_default_missing_prereq(Verilog) auto-verify     Yes            0 ELABDU         -               
 _case_default_redundant_prereq(Verilog) auto-verify     Yes            0 ELABDU         -               
 _dontcare_mismatch_prereq(Verilog) auto-verify     Yes            0 ELABDU         -               
 _width_expr03_mismatch_prereq(Verilog) auto-verify     Yes            0 ELABDU         -               
 _width_expr02_mismatch_prereq(Verilog) auto-verify     Yes            0 ELABDU         -               
 _width05_prereq      (Verilog) auto-verify     Yes            0 ELABDU         -               
 _signunsign01_prereq (Verilog) auto-verify     Yes            0 ELABDU         -               
 _width04_prereq      (Verilog) auto-verify     Yes            0 ELABDU         -               
 _width03_prereq      (Verilog) auto-verify     Yes            0 ELABDU         -               
 _width02_prereq      (Verilog) auto-verify     Yes            0 ELABDU         -               
 _width01_prereq      (Verilog) auto-verify     Yes            0 ELABDU         -               
 _chk_signed_unsigned_prereq(Verilog) auto-verify     Yes            0 ELABDU         -               
 Av_staticnetnreq01             auto-verify     Yes            0 VSDU           -               
 Av_dontcare01                  auto-verify     Yes            0 FLATDU2_WL     -               
 Av_dcreq01           (VHDL   ) auto-verify     Yes            0 ELABDU         -               
 Av_dcreq01           (Verilog) auto-verify     Yes            0 ELABDU         -               
 veShiftOperatorPreReq(Verilog) auto-verify     Yes            0 ELABDU         -               
 Av_divide_by_zero              auto-verify     Yes            0 FLATDU2_WL     -               
 veOperatorPreReq     (Verilog) auto-verify     Yes            0 ELABDU         -               
 Av_range01                     auto-verify     Yes            0 FLATDU2_WL     -               
 AnalyzeABV           (Verilog) auto-verify     Yes            0 ELABDU         -               
 Av_deadcode01                  auto-verify     Yes            0 FLATDU2_WL     -               
 Av_dcreq02                     auto-verify     Yes            0 VSDU           -               
 Av_deadfilter01                auto-verify     Yes            0 VSDU           -               
 Av_deadreq01         (VHDL   ) auto-verify     Yes            0 ELABDU         -               
 Av_deadreq01         (Verilog) auto-verify     Yes            0 ELABDU         -               
 Av_case02                      auto-verify     Yes            0 FLATDU2_WL     -               
 Av_case01                      auto-verify     Yes            0 FLATDU2_WL     -               
 Av_bus02                       auto-verify     Yes            0 FLATDU2_WL     -               
 Av_bus01                       auto-verify     Yes            0 FLATDU2_WL     -               
 Av_complexity01                auto-verify     Yes            0 FLATDU2_WL     -               
 Av_complexity_req02            auto-verify     Yes            0 VSDULIST       -               
 Av_complexity_req01  (VHDL   ) auto-verify     Yes            0 LEXICAL        -               
 Av_complexity_req01  (Verilog) auto-verify     Yes            0 LEXICAL        -               
 Av_fsm_analysis                auto-verify     Yes            0 FLATDU2_WL     -               
 Av_fsminf02                    auto-verify     Yes            0 FLATDU2_WL     -               
 Av_fsminf01                    auto-verify     Yes            0 FLATDU2_WL     -               
 SGDC_fsm_setup01               auto-verify     Yes            0 VSTOPDU        -               
 _fsm_contr01                   auto-verify     Yes            0 FLATDU2_WL     -               
 Av_casereq03                   auto-verify     Yes            0 VSTOPDU        -               
 Av_casereq02         (Verilog) auto-verify     Yes            0 VSDU           -               
 Av_casereq01         (Verilog) auto-verify     Yes            0 ELABDU         -               
 Av_svasetup01                  auto-verify     Yes            0 VSDU           -               
 Av_rstreq01          (VHDL   ) auto-verify     Yes            0 ELABDU         -               
 Av_rstreq01          (Verilog) auto-verify     Yes            0 ELABDU         -               
 _fsm03_prereq                  auto-verify     Yes            0 FLATDU2_WL     -               
 Av_fsmreq02                    auto-verify     Yes            0 FLATDU2_WL     -               
 Av_fsmreq01          (VHDL   ) auto-verify     Yes            0 ELABDU         -               
 Av_fsmreq01          (Verilog) auto-verify     Yes            0 ELABDU         -               
 InitState            (VHDL   ) auto-verify     Yes            0 ELABDU         -               
 InitState            (Verilog) auto-verify     Yes            0 ELABDU         -               
 _formal_anlysis_filter_prereq  auto-verify     Yes            0 FLATDU2_WL     -               
 Av_sanity06                    auto-verify     Yes            0 FLATDU2_WL     -               
 Av_multitop01        (VHDL   ) auto-verify     Yes            0 ELABDU         -               
 Av_multitop01        (Verilog) auto-verify     Yes            0 ELABDU         -               
 Av_sanity02                    auto-verify     Yes            0 FLATDU2_WL     -               
 Av_sanity01                    auto-verify     Yes            0 SETUP          -               
 Av_setup_checks01              auto-verify     Yes            0 SETUP          -               
 Av_license01                   auto-verify     Yes            1 SETUP          -               
 Av_initstate01                 auto-verify     Yes            0 FLATDU2_WL     -               
 SGDC_av_meta_design_hier01     auto-verify     Yes            0 FLATDU2_WL     -               
 _vhAvMeta01          (VHDL   ) auto-verify     Yes            0 VSDU           -               
 Av_init01                      auto-verify     Yes            0 FLATDU2_WL     -               
 Av_initseq01                   auto-verify     Yes            0 FLATDU2_WL     -               
-------------------------------------------------------------------------------------
Note: VSDU type of rules (as seen in the above table) are not run on
      unsynthesized modules reported by 'ErrorAnalyzeBBox/InfoAnalyzeBBox' messages
      (Please see messages starting with keyword 'UnsynthesizedDU')

##status : SpyGlass Rule Checking Aborted.

---------------------------------------------------------------------------------------------
Results Summary:
---------------------------------------------------------------------------------------------
   Goal Run           :      adv_lint/adv_lint_verify
** Policy auto-verify :      1 fatal,      0 error,        0 warning,      0 information message 
   -------------------------------------------------------------------------------------
** Total              :      1 fatal,      0 error,        0 warning,      0 information message 

  Total Number of Generated Messages     :         1 (1 fatal, 0 error, 0 warning, 0 Info)
  Number of Reported Messages            :         1 (1 fatal, 0 error, 0 warning, 0 Info)

  NOTE: It is recommended to first fix/reconcile fatals/errors reported on
        lines starting with ** as subsequent issues might be related to it.
        Please re-run SpyGlass once ** prefixed lines are fatal/error clean.

---------------------------------------------------------------------------------------------

Following FATAL message(s) generated in current run -

Rule           Severity   File   Line   Message
-------------------------------------------------------------------------
Av_license01   FATAL      N.A.   0      'Advanced Lint Policy' not run due to unavailability of Auto_Verify license feature

FATAL : Rule-checking aborted - usage or run error

---------------------------------------------------------------------------------------------------
Results Summary:
---------------------------------------------------------------------------------------------------
   Goal Run           :      adv_lint/adv_lint_verify
   Top Module         :      soctop
---------------------------------------------------------------------------------------------------
   Reports Directory: 
   /home/users/team3_03/Desktop/design2021/spyglass/spyglass-1/consolidated_reports/soctop_adv_lint_adv_lint_verify/ 

   SpyGlass LogFile: 
    /home/users/team3_03/Desktop/design2021/spyglass/spyglass-1/soctop/adv_lint/adv_lint_verify/spyglass.log 

   Standard Reports: 
     moresimple.rpt          no_msg_reporting_rules.rpt       

   HTML report:
    /home/users/team3_03/Desktop/design2021/spyglass/spyglass-1/html_reports/goals_summary.html
  

   Technology Reports:  
     auto_verify.rpt          ADV-LINT.rpt        
   
---------------------------------------------------------------------------------------------------
   Goal Violation Summary:
       Waived   Messages:                      0 Errors,      0 Warnings,      0 Infos
       Reported Messages:         1 Fatals,    0 Errors,      0 Warnings,      0 Infos
---------------------------------------------------------------------------------------------------
   
---------------------------------------------------------------------------------------------------
 
SpyGlass Exit Code 7 (Rule-checking terminated due to FATAL errors - usage or run error)
SpyGlass total run-time is 02:22:03 (8523 secs)
SpyGlass total goal run-time is 00:00:03 (3 secs)
SpyGlass total cpu-time is 2 secs
SpyGlass run completed at 04:35:34 PM on Oct 07 2021
