/eda/synopsys/dc/dc_2020.09-SP5-1/auxx/gui/dv/dv_setup.tcl
/eda/synopsys/dc/dc_2020.09-SP5-1/auxx/gui/syn/snpsSynProcs.tcl
/eda/synopsys/dc/dc_2020.09-SP5-1/auxx/gui/syn/layout/pkgIndex.tcl
/eda/synopsys/dc/dc_2020.09-SP5-1/auxx/gui/common/3dic/pkgIndex.tcl
/eda/synopsys/dc/dc_2020.09-SP5-1/auxx/gui/common/WindowFrameWork/pkgIndex.tcl
/eda/synopsys/dc/dc_2020.09-SP5-1/auxx/gui/common/acg/pkgIndex.tcl
/eda/synopsys/dc/dc_2020.09-SP5-1/auxx/gui/common/commandform/pkgIndex.tcl
/eda/synopsys/dc/dc_2020.09-SP5-1/auxx/gui/common/dialogs/pkgIndex.tcl
/eda/synopsys/dc/dc_2020.09-SP5-1/auxx/gui/common/docBrowser/pkgIndex.tcl
/eda/synopsys/dc/dc_2020.09-SP5-1/auxx/gui/common/hierAttrView/pkgIndex.tcl
/eda/synopsys/dc/dc_2020.09-SP5-1/auxx/gui/common/hierarchy/pkgIndex.tcl
/eda/synopsys/dc/dc_2020.09-SP5-1/auxx/gui/common/highlight/pkgIndex.tcl
/eda/synopsys/dc/dc_2020.09-SP5-1/auxx/gui/common/histogram/pkgIndex.tcl
/eda/synopsys/dc/dc_2020.09-SP5-1/auxx/gui/common/layout/pkgIndex.tcl
/eda/synopsys/dc/dc_2020.09-SP5-1/auxx/gui/common/libviewer/pkgIndex.tcl
/eda/synopsys/dc/dc_2020.09-SP5-1/auxx/gui/common/menus/pkgIndex.tcl
/eda/synopsys/dc/dc_2020.09-SP5-1/auxx/gui/common/misc/pkgIndex.tcl
/eda/synopsys/dc/dc_2020.09-SP5-1/auxx/gui/common/mrupalette/pkgIndex.tcl
/eda/synopsys/dc/dc_2020.09-SP5-1/auxx/gui/common/opdlg/pkgIndex.tcl
/eda/synopsys/dc/dc_2020.09-SP5-1/auxx/gui/common/palettegroup/pkgIndex.tcl
/eda/synopsys/dc/dc_2020.09-SP5-1/auxx/gui/common/qtcl/pkgIndex.tcl
/eda/synopsys/dc/dc_2020.09-SP5-1/auxx/gui/common/regressionToolkit/pkgIndex.tcl
/eda/synopsys/dc/dc_2020.09-SP5-1/auxx/gui/common/rtlxref/pkgIndex.tcl
/eda/synopsys/dc/dc_2020.09-SP5-1/auxx/gui/common/schematic/pkgIndex.tcl
/eda/synopsys/dc/dc_2020.09-SP5-1/auxx/gui/common/select/pkgIndex.tcl
/eda/synopsys/dc/dc_2020.09-SP5-1/auxx/gui/common/setup/pkgIndex.tcl
/eda/synopsys/dc/dc_2020.09-SP5-1/auxx/gui/common/strokes/pkgIndex.tcl
/eda/synopsys/dc/dc_2020.09-SP5-1/auxx/gui/common/table/pkgIndex.tcl
/eda/synopsys/dc/dc_2020.09-SP5-1/auxx/gui/common/tcl-dp/pkgIndex.tcl
/eda/synopsys/dc/dc_2020.09-SP5-1/auxx/gui/common/tiledview/pkgIndex.tcl
/eda/synopsys/dc/dc_2020.09-SP5-1/auxx/gui/common/timing/pkgIndex.tcl
/eda/synopsys/dc/dc_2020.09-SP5-1/auxx/gui/common/tq/pkgIndex.tcl
/eda/synopsys/dc/dc_2020.09-SP5-1/auxx/gui/common/utable/pkgIndex.tcl
/eda/synopsys/dc/dc_2020.09-SP5-1/auxx/gui/common/view/pkgIndex.tcl
/eda/synopsys/dc/dc_2020.09-SP5-1/auxx/gui/dv/pkgIndex.tcl
/eda/synopsys/dc/dc_2020.09-SP5-1/auxx/syn/lib/pkgIndex.tcl
/eda/synopsys/dc/dc_2020.09-SP5-1/auxx/tcllib/lib/iwidgets4.1/pkgIndex.tcl
/eda/synopsys/dc/dc_2020.09-SP5-1/auxx/tcllib/snps_tcl/snpsTclPro/pkgIndex.tcl
/eda/synopsys/dc/dc_2020.09-SP5-1/auxx/tcllib/snps_tcl/snpsTest/pkgIndex.tcl
/eda/synopsys/dc/dc_2020.09-SP5-1/auxx/tcllib/snps_tcl/snpsUtils/pkgIndex.tcl
/eda/synopsys/dc/dc_2020.09-SP5-1/auxx/tcllib/snps_tcl/pkgIndex.tcl
/eda/synopsys/dc/dc_2020.09-SP5-1/auxx/tcllib/lib/tcl8.6/dde/pkgIndex.tcl
/eda/synopsys/dc/dc_2020.09-SP5-1/auxx/tcllib/lib/tcl8.6/http/pkgIndex.tcl
/eda/synopsys/dc/dc_2020.09-SP5-1/auxx/tcllib/lib/tcl8.6/http1.0/pkgIndex.tcl
/eda/synopsys/dc/dc_2020.09-SP5-1/auxx/tcllib/lib/tcl8.6/msgcat/pkgIndex.tcl
/eda/synopsys/dc/dc_2020.09-SP5-1/auxx/tcllib/lib/tcl8.6/opt/pkgIndex.tcl
/eda/synopsys/dc/dc_2020.09-SP5-1/auxx/tcllib/lib/tcl8.6/platform/pkgIndex.tcl
/eda/synopsys/dc/dc_2020.09-SP5-1/auxx/tcllib/lib/tcl8.6/reg/pkgIndex.tcl
/eda/synopsys/dc/dc_2020.09-SP5-1/auxx/tcllib/lib/tcl8.6/tcltest/pkgIndex.tcl
/eda/synopsys/dc/dc_2020.09-SP5-1/auxx/gui/common/setup/snpsCommonSetup.tcl
/eda/synopsys/dc/dc_2020.09-SP5-1/auxx/gui/common/setup/snpsCustomize.tcl
/eda/synopsys/dc/dc_2020.09-SP5-1/auxx/gui/common/setup/snpsProcheck.tcl
/eda/synopsys/dc/dc_2020.09-SP5-1/auxx/gui/common/misc/base.tcl
/eda/synopsys/dc/dc_2020.09-SP5-1/auxx/gui/common/misc/timing.tcl
/eda/synopsys/dc/dc_2020.09-SP5-1/auxx/gui/common/misc/setting.tcl
/eda/synopsys/dc/dc_2020.09-SP5-1/auxx/gui/common/misc/preset.tcl
/eda/synopsys/dc/dc_2020.09-SP5-1/auxx/gui/common/WindowFrameWork/windowFrameWork.tcl
/eda/synopsys/dc/dc_2020.09-SP5-1/auxx/gui/common/WindowFrameWork/skipBusyCursorCmdList.tcl
/eda/synopsys/dc/dc_2020.09-SP5-1/auxx/gui/common/qtcl/.synopsys_qtcl.tcl
/eda/synopsys/dc/dc_2020.09-SP5-1/auxx/gui/common/highlight/highlight.tcl
/eda/synopsys/dc/dc_2020.09-SP5-1/auxx/gui/common/palettegroup/palettegroup.tcl
/eda/synopsys/dc/dc_2020.09-SP5-1/auxx/gui/common/commandform/commandform.tcl
/eda/synopsys/dc/dc_2020.09-SP5-1/auxx/gui/common/tiledview/tiledview.tcl
/eda/synopsys/dc/dc_2020.09-SP5-1/auxx/gui/common/docBrowser/docBrowser.tcl
/eda/synopsys/dc/dc_2020.09-SP5-1/auxx/tcllib/snps_tcl/snpsUtils/snpsUtils.tcl
/eda/synopsys/dc/dc_2020.09-SP5-1/auxx/gui/common/dialogs/ObjectChooser.tcl
/eda/synopsys/dc/dc_2020.09-SP5-1/auxx/gui/common/misc/DialogObjectChooser.tcl
/eda/synopsys/dc/dc_2020.09-SP5-1/auxx/gui/common/dialogs/HistBinInformation.tcl
/eda/synopsys/dc/dc_2020.09-SP5-1/auxx/gui/common/dialogs/HistBin1Information.tcl
/eda/synopsys/dc/dc_2020.09-SP5-1/auxx/gui/common/dialogs/BinsOnlyInformation.tcl
/eda/synopsys/dc/dc_2020.09-SP5-1/auxx/gui/common/dialogs/FileChooser.tcl
/eda/synopsys/dc/dc_2020.09-SP5-1/auxx/gui/common/dialogs/PathPinSimpleInfo.tcl
/eda/synopsys/dc/dc_2020.09-SP5-1/auxx/gui/common/dialogs/PathsBasicInfo.tcl
/eda/synopsys/dc/dc_2020.09-SP5-1/auxx/gui/common/dialogs/PathsBasicSimpleInfo.tcl
/eda/synopsys/dc/dc_2020.09-SP5-1/auxx/gui/common/dialogs/SlctOperationInfo.tcl
/eda/synopsys/dc/dc_2020.09-SP5-1/auxx/gui/common/dialogs/ObjectListInfo.tcl
/eda/synopsys/dc/dc_2020.09-SP5-1/auxx/gui/common/dialogs/FanInOutInfo.tcl
/eda/synopsys/dc/dc_2020.09-SP5-1/auxx/gui/common/dialogs/NumberOfLevelsChooser.tcl
/eda/synopsys/dc/dc_2020.09-SP5-1/auxx/gui/common/dialogs/WindowReuseInfo.tcl
/eda/synopsys/dc/dc_2020.09-SP5-1/auxx/gui/common/dialogs/ReportOutputOptionInfo.tcl
/eda/synopsys/dc/dc_2020.09-SP5-1/auxx/gui/common/setup/snpsCollections.tcl
/eda/synopsys/dc/dc_2020.09-SP5-1/auxx/gui/common/dialogs/CompileLinkDesign.tcl
/eda/synopsys/dc/dc_2020.09-SP5-1/auxx/gui/common/histogram/base.tcl
/eda/synopsys/dc/dc_2020.09-SP5-1/auxx/gui/common/histogram/DialogNetCapacitance.tcl
/eda/synopsys/dc/dc_2020.09-SP5-1/auxx/gui/common/schematic/DialogPathSchematicFanInOut.tcl
/eda/synopsys/dc/dc_2020.09-SP5-1/auxx/gui/common/schematic/DialogPathSchematicAddPaths.tcl
/storage1/users_work_dir/team1/team1_01/work_dir/new/1377/imp/syn/syn.tcl
/storage1/users_work_dir/team1/team1_01/work_dir/new/1377/rtl/compute.v
/storage1/users_work_dir/team1/team1_01/work_dir/new/1377/rtl/memory.v
/storage1/users_work_dir/team1/team1_01/work_dir/new/1377/rtl/picorv32.v
/storage1/users_work_dir/team1/team1_01/work_dir/new/1377/rtl/picosoc.v
/storage1/users_work_dir/team1/team1_01/work_dir/new/1377/rtl/sequencer.v
/storage1/users_work_dir/team1/team1_01/work_dir/new/1377/rtl/simpleuart.v
/storage1/users_work_dir/team1/team1_01/work_dir/new/1377/rtl/soctop.v
/storage1/users_work_dir/team1/team1_01/work_dir/new/1377/rtl/spimemio.v
/storage1/users_work_dir/team1/team1_01/work_dir/new/1377/rtl/top.v
/storage1/admin_doc_file/smic40/SMIC_40LL_STD_IO_191128/SCC40NLL_HDC40_RVT_V0p1/liberty/1.1v/scc40nll_hdc40_rvt_ss_v0p99_-40c_basic.db
/storage1/users_work_dir/team1/team1_01/work_dir/new/1377/imp/syn/lib/256x32_wirtemask_on_pico_mem/mem256x32_ss_0p90v_0p90v_0c.db
/storage1/users_work_dir/team1/team1_01/work_dir/new/1377/imp/syn/lib/512x32_code_mem/mem512x32_ss_0p90v_0p90v_m40c.db
/storage1/users_work_dir/team1/team1_01/work_dir/new/1377/imp/syn/lib/512x64rf_coeff_mem/mem512x64_ss_0p90v_0p90v_m40c.db
/storage1/users_work_dir/team1/team1_01/work_dir/new/1377/imp/syn/lib/spsram16384x16_16_writemask_on_main_mem/mem16384x16_ss_0p90v_0p90v_m40c.db
/eda/synopsys/dc/dc_2020.09-SP5-1/libraries/syn/dw_foundation.sldb
/eda/synopsys/dc/dc_2020.09-SP5-1/libraries/syn/gtech.db
/eda/synopsys/dc/dc_2020.09-SP5-1/libraries/syn/standard.sldb
/storage1/admin_doc_file/smic40/SMIC_40LL_STD_IO_191128/SCC40NLL_HDC40_RVT_V0p1/liberty/1.1v/scc40nll_hdc40_rvt_ss_v0p99_-40c_basic.db
/storage1/users_work_dir/team1/team1_01/work_dir/new/1377/imp/syn/alib-52/scc40nll_hdc40_rvt_ss_v0p99_-40c_basic.db.alib
/storage1/admin_doc_file/smic40/SMIC_40LL_STD_IO_191128/SCC40NLL_HDC40_RVT_V0p1/liberty/1.1v/scc40nll_hdc40_rvt_ss_v0p99_-40c_basic.db
/storage1/users_work_dir/team1/team1_01/work_dir/new/1377/imp/syn/alib-52/scc40nll_hdc40_rvt_ss_v0p99_-40c_basic.db.alib
/storage1/admin_doc_file/smic40/SMIC_40LL_STD_IO_191128/SCC40NLL_HDC40_RVT_V0p1/liberty/1.1v/scc40nll_hdc40_rvt_ss_v0p99_-40c_basic.db
/storage1/users_work_dir/team1/team1_01/work_dir/new/1377/imp/syn/lib/256x32_wirtemask_on_pico_mem/mem256x32_ss_0p90v_0p90v_0c.db
/storage1/users_work_dir/team1/team1_01/work_dir/new/1377/imp/syn/lib/512x32_code_mem/mem512x32_ss_0p90v_0p90v_m40c.db
/storage1/users_work_dir/team1/team1_01/work_dir/new/1377/imp/syn/lib/512x64rf_coeff_mem/mem512x64_ss_0p90v_0p90v_m40c.db
/storage1/users_work_dir/team1/team1_01/work_dir/new/1377/imp/syn/lib/spsram16384x16_16_writemask_on_main_mem/mem16384x16_ss_0p90v_0p90v_m40c.db
