
################################################################################
#
# This file has been generated by SpyGlass:
#     Report Name      : CDC-report
#     Report Created by: team3_03
#     Report Created on:  Thu Oct  7 17:14:46 2021
#     Working Directory: /home/users/team3_03/Desktop/design2021/spyglass
#     SpyGlass Version : SpyGlass_vQ-2020.03-SP2-6
#     Policy Name      : clock-reset(SpyGlass_vQ-2020.03-SP2-06)
#     Comment          : CDC Setup and Analysis Report 
#
################################################################################

################################################################################
# 
# This report consists of the following sections:
# A. Run Information  
#    This section lists the total time taken to run the design and the peak memory.
#    Also shows the list of user-specified parameters.
# B. Design Information 
#    This section lists the flat instances and flops in the design.
#    It also shows the count of blackboxes.
# C. Setup Information 
#    This section reports the total clocks and resets in the design.
# D. Setup Audit Information: To be reviewed for setup signoff 
#    This section reports result of the setup rules to ensure that 
#    a. Registers are properly clocked
#    b. no clocks are defined in the fanout of other clocks
#    c. BlackBoxes are properly constrained 
# E. Analysis and Verification: Structural CDC Violations 
#    This section reports results of the rules which ensure that
#    a. There is no meta-stability problem across clock-domain
#    b. All crossings involving quasi-static signals have been analyzed
# F. Analysis and Verification: Information 
#    This section reports the count of qualifiers specified by user
#    or auto-inferred by spyglass
# G. Analysis and Verification: Functional CDC Violations 
#    This section reports results of the rules which ensure that
#    a. There is no issue with correlated signals crossing clock domains
#    b. There is no data loss for signal crossing a fast clock domain to a 
#      slow clock domain
# H. Analysis and Verification: Asynchronous Reset Verification 
#    This section reports results of the rules which ensure that
#    a. Asynchronous resets have been properly synchronized in each domain
#    b. Asynchronous resets have been deasserted properly
#    c. All registers have been properly reset
# I. Hierarchical CDC Verification : Abstraction Validation
#    This section reports results of the rules which ensure that
#    a. All abstracted blocks are in sync with top-level constraints 
################################################################################

================================================================================
A. Run Information 
================================================================================

  Total Time (in sec)                                                      : 4
  Memory used (in KB)                                                      : 6258232
  User defined Parameter values :
  ------------------------------------------------------------------------------
    -cdc_qualifier_depth                                         :3 
    -hier_wild_card                                              :no 
    -enable_mux_sync                                             :all 
    -enable_and_sync                                             :yes 
    -check_multiclock_bbox                                       :yes 
    -cdc_reduce_pessimism                                        :mbit_macro,no_convergence_at_syncreset,no_convergence_at_enable,use_multi_arc,clock_crossing,no_unate_reconv,clock_on_ports,ignore_multi_domain 
    -strict_sync_check                                           :yes 
    -clock_reduce_pessimism                                      :latch_en,mux_sel_derived,check_enable_for_glitch,ignore_same_domain 
    -handle_combo_arc                                            :yes 
    -fa_disable_sync_fifo                                        :yes 
    -enable_debug_data                                           :yes 
    -reset_reduce_pessimism                                      :same_data_reset_flop,remove_overlap 
    -distributed_fifo                                            :yes 



================================================================================
B. Design Information 
================================================================================

  Total Flat Instances in design                                           : 26656
  Number of black-box (AnalyzeBBox)                                        : 4
      Black-boxes without definition or synthesis error (ErrorAnalyzeBBox) : 3



================================================================================
C. Setup Information 
================================================================================

 Number of total clocks                                                    : 0
    Number of user defined clocks                                          : 0
    Number of user defined generated clocks                                : 0
    Number of user defined virtual clocks                                  : 0
    Number of user defined domains                                         : 0
    Number of inferred clocks                                              : 0
    Number of black-box clocks                                             : 0
  Number of total resets                                                   : 0
    Number of user defined resets                                          : 0
    Number of BB resets                                                    : 0
  Number of set_case_analysis constraint                                   : 0
  Number of quasi_static constraint                                        : 0
  Number of assume_path constraint                                         : 0
  Number of cdc_false_path constraint                                      : 0

  For more details, refer to following files:
  --------------------------------------
   - parameterList.csv



================================================================================
D. Setup Audit: To be reviewed for setup signoff 
================================================================================

  Number of multi-definition on clock (Clock_check07)                                              : 0 
  Number of black-boxes not fully constrained (Setup_blackbox01)                                   : 0 




================================================================================
E. Analysis and Verification: Structural CDC Violations
================================================================================

  Number of Scalar Signal Crossings                                          : 0
  Number of Vector Signal Crossings                                          : 0




================================================================================
F. Analysis and Verification: Information
================================================================================




================================================================================
G. Analysis and Verification: Functional CDC Violations
================================================================================






================================================================================
H. Analysis and Verification: Asynchronous Reset Verification
================================================================================





================================================================================
I : Hierarchical Verification : Abstraction Validation 
================================================================================


================================================================================



