
################################################################################
#
# This file has been generated by SpyGlass:
#     Report Name      : moresimple
#     Report Created by: team3_03
#     Report Created on:  Thu Oct  7 17:14:46 2021
#     Working Directory: /home/users/team3_03/Desktop/design2021/spyglass
#     SpyGlass Version : SpyGlass_vQ-2020.03-SP2-6
#     Policy Name      : SpyGlass(SpyGlass_vQ-2020.03-SP2-06)
#                        clock-reset(SpyGlass_vQ-2020.03-SP2-06)
#
#     Total Number of Generated Messages :         19
#     Number of Waived Messages          :          0
#     Number of Reported Messages        :         19
#     Number of Overlimit Messages       :          0
#
#
################################################################################

+++++++++++++++++++++++++++++++++++++++++++++++++++++++++++++++++++++++
MORESIMPLE REPORT:


############### BuiltIn -> RuleGroup=Blackbox Resolution ###############
+++++++++++++++++++++++++++++++++++++++++++++++++++++++++++++++++++++++++++++++++++++++
ID       Rule                Alias               Severity    File                Line    Wt    Message
======================================================================================
[11]     ErrorAnalyzeBBox    ErrorAnalyzeBBox    Error       ../rtl/compute.v    509     10    Design Unit 'mem512x32' has no definition; black-box behavior assumed and module interface inferred
[12]     ErrorAnalyzeBBox    ErrorAnalyzeBBox    Error       ../rtl/compute.v    520     10    Design Unit 'mem512x64' has no definition; black-box behavior assumed and module interface inferred
[F]      ErrorAnalyzeBBox    ErrorAnalyzeBBox    Error       ../rtl/memory.v     70      10    Design Unit 'mem16384x16' has no definition; black-box behavior assumed and module interface inferred
[10]     WarnAnalyzeBBox     WarnAnalyzeBBox     Warning     ../rtl/picosoc.v    268     10    Design Unit 'mem256x32' does not have functional view in any of the given sglib files; only .lib interface available
+++++++++++++++++++++++++++++++++++++++++++++++++++++++++++++++++++++++++++++++++++++++


############### BuiltIn -> RuleGroup=Design Read ###############
+++++++++++++++++++++++++++++++++++++++++++++++++++++++++++++++++++++++++++++++++++++++
ID       Rule                    Alias                   Severity            File                                                                               Line    Wt      Message
======================================================================================
[A]      DetectTopDesignUnits    DetectTopDesignUnits    Info                ../rtl/soctop.v                                                                    1       2       Module soctop is a top level design unit
[B]      SYNTH_5143                                      SynthesisWarning    ../rtl/picorv32.v                                                                  206     1000    picorv32 -> Initial block is ignored for synthesis
[2]      WRN_1024                WRN_1024                Warning             ../rtl/compute.v                                                                   434     1000    signed argument '32'sh0' passed to $signed system function call
[3]      WRN_1024                WRN_1024                Warning             ../rtl/compute.v                                                                   435     1000    signed argument '32'sh80000000' passed to $signed system function call
[4]      WRN_1024                WRN_1024                Warning             ../rtl/compute.v                                                                   466     1000    signed argument '32'sh0' passed to $signed system function call
[5]      WRN_1024                WRN_1024                Warning             ../rtl/compute.v                                                                   469     1000    signed argument '32'sh0' passed to $signed system function call
[6]      WRN_1024                WRN_1024                Warning             ../rtl/compute.v                                                                   471     1000    signed argument '32'sh80000000' passed to $signed system function call
[7]      WRN_1024                WRN_1024                Warning             ../rtl/picorv32.v                                                                  2276    1000    unsigned argument 'pcpi_rs1' passed to $unsigned system function call
[8]      WRN_1024                WRN_1024                Warning             ../rtl/picorv32.v                                                                  2281    1000    unsigned argument 'pcpi_rs2' passed to $unsigned system function call
[1]      WRN_1464                WRN_1464                Warning             ../rtl/picosoc.v                                                                   208     1000    Parameter name ( WORDS ) in instance ( memory ) does not match with parent, ignoring it
[0]      WRN_69                  WRN_69                  Warning             ../rtl/picorv32.v                                                                  62      1000    Compiler directive `timescale found for module 'picorv32' (in the file ../rtl/picorv32.v at line 25) while previous modules do not
[9]      ElabSummary             ElabSummary             Info                ./spyglass-1/soctop/cdc/cdc_abstract/spyglass_reports/SpyGlass/elab_summary.rpt    0       2       Please refer file './spyglass-1/soctop/cdc/cdc_abstract/spyglass_reports/SpyGlass/elab_summary.rpt' for elab summary report
[D]      Info_Case_Analysis      showSimVal              Info                ../rtl/soctop.v                                                                    1       10      Information for set_case_analysis value propagation for design 'soctop' is displayed
+++++++++++++++++++++++++++++++++++++++++++++++++++++++++++++++++++++++++++++++++++++++


############### Non-BuiltIn -> Goal=cdc/cdc_abstract ###############
+++++++++++++++++++++++++++++++++++++++++++++++++++++++++++++++++++++++++++++++++++++++
ID       Rule                  Alias    Severity    File                                                                                                          Line    Wt    Message
======================================================================================
[C]      Setup_clockreset01             Warning     ../rtl/soctop.v                                                                                               1       2     Clocks have not been specified for the design 'soctop'
[E]      Ac_abstract01                  Info        ./spyglass-1/soctop/cdc/cdc_abstract/spyglass_reports/abstract_view/soctop_MEM_WORDS_256_cdc_abstract.sgdc    0       2     Abstracted sgdc file for module 'soctop' is generated
+++++++++++++++++++++++++++++++++++++++++++++++++++++++++++++++++++++++++++++++++++++++
