
################################################################################
#
# This file has been generated by SpyGlass:
#     Report Name      : moresimple
#     Report Created by: 
#     Report Created on: 
#     Working Directory: 
#     Report Location  : ./spyglass-1/spyglass_cache/autogenerated_sglib/lc/spyglass_lc_aggregate_reports/moresimple.rpt
#     SpyGlass Version : 
#     Policy Name      : SpyGlass(SpyGlass_vQ-2020.03-SP2-06)
#
#     Total Number of Generated Messages :          3
#     Number of Waived Messages          :          0
#     Number of Reported Messages        :          3
#     Number of Overlimit Messages       :          0
#
#
################################################################################

+++++++++++++++++++++++++++++++++++++++++++++++++++++++++++++++++++++++
MORESIMPLE REPORT:
ID       Rule            Alias    Severity    File                                                                                  Line    Wt      Message
======================================================================================
[0]      LIBERROR_313             Error       ../lib/512x32_code_mem/mem512x32_ss_0p90v_0p90v_m40c.lib                              66      1000    Ignoring repeated library USERLIB_ss_0p90v_0p90v_m40c
[1]      LIBERROR_313             Error       ../lib/512x64rf_coeff_mem/mem512x64_ss_0p90v_0p90v_m40c.lib                           66      1000    Ignoring repeated library USERLIB_ss_0p90v_0p90v_m40c
[2]      LIBERROR_313             Error       ../lib/spsram16384x16_16_writemask_on_main_mem/mem16384x16_ss_0p90v_0p90v_m40c.lib    66      1000    Ignoring repeated library USERLIB_ss_0p90v_0p90v_m40c
+++++++++++++++++++++++++++++++++++++++++++++++++++++++++++++++++++++++++++++++++++++++
